<?xml version="1.0" encoding="utf-8"?>
<TestRun id="06ed4733-e7ad-42a7-89c6-eb0aa94493db" name="rosen.kolev@RKOLEV-PC 2021-07-23 08:28:45" runUser="AD\rosen.kolev" xmlns="http://microsoft.com/schemas/VisualStudio/TeamTest/2010">
  <Times creation="2021-07-23T08:28:45.5903945-05:00" queuing="2021-07-23T08:28:45.5903956-05:00" start="2021-07-23T08:28:44.0763583-05:00" finish="2021-07-23T08:28:47.2808019-05:00" />
  <TestSettings name="default" id="5f9eefc7-5da8-4afa-ab48-4e7102e6f860">
    <Deployment runDeploymentRoot="rosen.kolev_RKOLEV-PC_2021-07-23_08_28_45" />
  </TestSettings>
  <Results>
    <UnitTestResult executionId="e80ea1ef-ddda-461a-b85f-c054f4ffc85f" testId="3d3f842f-b603-4512-8970-431b63f39bf1" testName="GetUserByEmailShouldReturnFromContext" computerName="RKOLEV-PC" duration="00:00:00.0025471" startTime="2021-07-23T08:28:45.7263823-05:00" endTime="2021-07-23T08:28:45.7290152-05:00" testType="13cdc9d9-ddb5-4fa4-a97d-d965ccfc6d4b" outcome="Passed" testListId="8c84fa94-04c1-424b-9868-57a2d4851a1d" relativeResultsDirectory="e80ea1ef-ddda-461a-b85f-c054f4ffc85f" />
    <UnitTestResult executionId="fd113200-63f9-49a7-981b-674ea34de3f6" testId="59d10c1c-a89f-478a-af23-0499188b28bb" testName="OpenAirConnector_GetUnsubmittedTimesheetsAsync" computerName="RKOLEV-PC" duration="00:00:00.0149863" startTime="2021-07-23T08:28:45.8790592-05:00" endTime="2021-07-23T08:28:45.8941754-05:00" testType="13cdc9d9-ddb5-4fa4-a97d-d965ccfc6d4b" outcome="Passed" testListId="8c84fa94-04c1-424b-9868-57a2d4851a1d" relativeResultsDirectory="fd113200-63f9-49a7-981b-674ea34de3f6" />
    <UnitTestResult executionId="b1d488a4-d8c8-4c87-b8ab-3748559e0ad1" testId="1c582008-38f0-41f7-a524-45b6dc06fc9c" testName="BuildInfoProcessorShouldReturnMessageWhenNoHost" computerName="RKOLEV-PC" duration="00:00:00.0175846" startTime="2021-07-23T08:28:45.9438315-05:00" endTime="2021-07-23T08:28:45.9615137-05:00" testType="13cdc9d9-ddb5-4fa4-a97d-d965ccfc6d4b" outcome="Passed" testListId="8c84fa94-04c1-424b-9868-57a2d4851a1d" relativeResultsDirectory="b1d488a4-d8c8-4c87-b8ab-3748559e0ad1" />
    <UnitTestResult executionId="d0961fe4-a8d1-46b1-a8e9-268ecfae8032" testId="3d53ca56-5206-410f-8d4f-f9d4927ed60b" testName="WikiClientWouldCallApi" computerName="RKOLEV-PC" duration="00:00:00.0063384" startTime="2021-07-23T08:28:47.0546392-05:00" endTime="2021-07-23T08:28:47.0611928-05:00" testType="13cdc9d9-ddb5-4fa4-a97d-d965ccfc6d4b" outcome="Passed" testListId="8c84fa94-04c1-424b-9868-57a2d4851a1d" relativeResultsDirectory="d0961fe4-a8d1-46b1-a8e9-268ecfae8032" />
    <UnitTestResult executionId="84a6ccc8-7b61-40dc-aeba-bfa52312d199" testId="0f63c6c4-471f-484f-8390-4f35b2f8870b" testName="GetServiceAccountStreamAsync_ShouldReturnTheStreamFromStorageConnector" computerName="RKOLEV-PC" duration="00:00:00.0009585" startTime="2021-07-23T08:28:46.9241198-05:00" endTime="2021-07-23T08:28:46.9251513-05:00" testType="13cdc9d9-ddb5-4fa4-a97d-d965ccfc6d4b" outcome="Passed" testListId="8c84fa94-04c1-424b-9868-57a2d4851a1d" relativeResultsDirectory="84a6ccc8-7b61-40dc-aeba-bfa52312d199" />
    <UnitTestResult executionId="05bc4d12-7284-4cc5-95f5-d5ce54f02b7b" testId="1fd8fd27-207a-4d9a-a2c6-ba1e58703e4f" testName="OpenAirClientDepartment_ShouldBeSet" computerName="RKOLEV-PC" duration="00:00:00.0005245" startTime="2021-07-23T08:28:45.7862742-05:00" endTime="2021-07-23T08:28:45.7869329-05:00" testType="13cdc9d9-ddb5-4fa4-a97d-d965ccfc6d4b" outcome="Passed" testListId="8c84fa94-04c1-424b-9868-57a2d4851a1d" relativeResultsDirectory="05bc4d12-7284-4cc5-95f5-d5ce54f02b7b" />
    <UnitTestResult executionId="2d2d7141-9b9e-4c9a-bf95-03395fff4ed8" testId="7a30230c-b229-4848-a036-4b60b895d645" testName="GetAllPluginsAsync_NotConnected_returns_EmptySettings" computerName="RKOLEV-PC" duration="00:00:00.0013221" startTime="2021-07-23T08:28:45.7125660-05:00" endTime="2021-07-23T08:28:45.7139718-05:00" testType="13cdc9d9-ddb5-4fa4-a97d-d965ccfc6d4b" outcome="Passed" testListId="8c84fa94-04c1-424b-9868-57a2d4851a1d" relativeResultsDirectory="2d2d7141-9b9e-4c9a-bf95-03395fff4ed8" />
    <UnitTestResult executionId="e58e3d9d-baee-479d-80a3-9a0b4b000a99" testId="c7c08fd7-71fd-47f2-9185-313eab14a4cf" testName="Time in unknown location" computerName="RKOLEV-PC" duration="00:00:00.1219443" startTime="2021-07-23T08:28:46.0759262-05:00" endTime="2021-07-23T08:28:46.1979601-05:00" testType="13cdc9d9-ddb5-4fa4-a97d-d965ccfc6d4b" outcome="Passed" testListId="8c84fa94-04c1-424b-9868-57a2d4851a1d" relativeResultsDirectory="e58e3d9d-baee-479d-80a3-9a0b4b000a99" />
    <UnitTestResult executionId="71224dcc-9e4f-464a-8b1d-74bf50cdde47" testId="5f658253-3959-4af5-a26d-a4f13ca54d74" testName="ExecuteTimesheetsReminderAsyncShouldSendNotificaitions" computerName="RKOLEV-PC" duration="00:00:00.0035885" startTime="2021-07-23T08:28:47.0803900-05:00" endTime="2021-07-23T08:28:47.0841017-05:00" testType="13cdc9d9-ddb5-4fa4-a97d-d965ccfc6d4b" outcome="Passed" testListId="8c84fa94-04c1-424b-9868-57a2d4851a1d" relativeResultsDirectory="71224dcc-9e4f-464a-8b1d-74bf50cdde47" />
    <UnitTestResult executionId="d8ee6a74-871d-4ec2-9632-a0e87e5cbf7d" testId="235ff410-3d90-4dba-b5ac-1b0e0a76ef61" testName="GoogleCalendarConnector_ShouldReturnNullWhenNotFound" computerName="RKOLEV-PC" duration="00:00:00.0036650" startTime="2021-07-23T08:28:46.9160278-05:00" endTime="2021-07-23T08:28:46.9198981-05:00" testType="13cdc9d9-ddb5-4fa4-a97d-d965ccfc6d4b" outcome="Passed" testListId="8c84fa94-04c1-424b-9868-57a2d4851a1d" relativeResultsDirectory="d8ee6a74-871d-4ec2-9632-a0e87e5cbf7d" />
    <UnitTestResult executionId="476f99b0-69ec-44fb-b682-2228eac28cab" testId="041fb681-fe98-40c7-b02f-5dde5407de77" testName="UserInfoShouldReturnInfoIfFound" computerName="RKOLEV-PC" duration="00:00:00.0028875" startTime="2021-07-23T08:28:46.6345174-05:00" endTime="2021-07-23T08:28:46.6375018-05:00" testType="13cdc9d9-ddb5-4fa4-a97d-d965ccfc6d4b" outcome="Passed" testListId="8c84fa94-04c1-424b-9868-57a2d4851a1d" relativeResultsDirectory="476f99b0-69ec-44fb-b682-2228eac28cab" />
    <UnitTestResult executionId="658e7b82-095b-42b0-85b8-ce04c1fe4e93" testId="1a7b9d10-ad82-429f-a1c0-392766a126b9" testName="LocalTimeProcessorSubjectShouldBeTime" computerName="RKOLEV-PC" duration="00:00:00.0004238" startTime="2021-07-23T08:28:46.0752431-05:00" endTime="2021-07-23T08:28:46.0758461-05:00" testType="13cdc9d9-ddb5-4fa4-a97d-d965ccfc6d4b" outcome="Passed" testListId="8c84fa94-04c1-424b-9868-57a2d4851a1d" relativeResultsDirectory="658e7b82-095b-42b0-85b8-ce04c1fe4e93" />
    <UnitTestResult executionId="69d31a4b-cbb7-4342-945a-321a596df9e9" testId="7708469d-077d-4f11-9e44-12011728eafd" testName="GetAllPluginsAsync_Connected_returns_correct_settings" computerName="RKOLEV-PC" duration="00:00:00.0011803" startTime="2021-07-23T08:28:45.7398069-05:00" endTime="2021-07-23T08:28:45.7410833-05:00" testType="13cdc9d9-ddb5-4fa4-a97d-d965ccfc6d4b" outcome="Passed" testListId="8c84fa94-04c1-424b-9868-57a2d4851a1d" relativeResultsDirectory="69d31a4b-cbb7-4342-945a-321a596df9e9" />
    <UnitTestResult executionId="4177a11f-d934-457c-af9d-f94b77bc938c" testId="a1964b8b-e94a-4aa1-b21f-0d8bb6121ea9" testName="SaveMessageAsync_NotConnected_returns_False" computerName="RKOLEV-PC" duration="00:00:00.0010497" startTime="2021-07-23T08:28:45.7085482-05:00" endTime="2021-07-23T08:28:45.7096712-05:00" testType="13cdc9d9-ddb5-4fa4-a97d-d965ccfc6d4b" outcome="Passed" testListId="8c84fa94-04c1-424b-9868-57a2d4851a1d" relativeResultsDirectory="4177a11f-d934-457c-af9d-f94b77bc938c" />
    <UnitTestResult executionId="456d8370-47b3-4603-a8cf-7280650c6195" testId="effaad89-9344-482b-b133-2568d7b07ed1" testName="RepeatProcessorCanParseTimeString" computerName="RKOLEV-PC" duration="00:00:00.0029140" startTime="2021-07-23T08:28:46.4324948-05:00" endTime="2021-07-23T08:28:46.4354886-05:00" testType="13cdc9d9-ddb5-4fa4-a97d-d965ccfc6d4b" outcome="Passed" testListId="8c84fa94-04c1-424b-9868-57a2d4851a1d" relativeResultsDirectory="456d8370-47b3-4603-a8cf-7280650c6195" />
    <UnitTestResult executionId="29cf6b58-f374-4c8c-9555-feb537d5f436" testId="b5b35ef0-f90a-464c-bb2a-1ed3682534be" testName="PluginAccessorShouldGetPluginValueIfNotCorrectType" computerName="RKOLEV-PC" duration="00:00:00.0046220" startTime="2021-07-23T08:28:46.4106712-05:00" endTime="2021-07-23T08:28:46.4153625-05:00" testType="13cdc9d9-ddb5-4fa4-a97d-d965ccfc6d4b" outcome="Passed" testListId="8c84fa94-04c1-424b-9868-57a2d4851a1d" relativeResultsDirectory="29cf6b58-f374-4c8c-9555-feb537d5f436" />
    <UnitTestResult executionId="611e6128-9f92-41b3-8771-3d49ea0b2a3a" testId="68381e67-4879-4021-a8e8-5fa18f9c7a83" testName="ValidateTokenShouldGetFromCache" computerName="RKOLEV-PC" duration="00:00:00.0015973" startTime="2021-07-23T08:28:45.5962741-05:00" endTime="2021-07-23T08:28:45.5980529-05:00" testType="13cdc9d9-ddb5-4fa4-a97d-d965ccfc6d4b" outcome="Passed" testListId="8c84fa94-04c1-424b-9868-57a2d4851a1d" relativeResultsDirectory="611e6128-9f92-41b3-8771-3d49ea0b2a3a" />
    <UnitTestResult executionId="f61c5bc4-40fc-4fa2-8795-63009d00af94" testId="f20a9072-642a-4683-a2ac-53b964a71aec" testName="OpenAirConnector_GetUnsubmittedTimesheetsForEndOfMonthAsync" computerName="RKOLEV-PC" duration="00:00:00.0056733" startTime="2021-07-23T08:28:45.8961784-05:00" endTime="2021-07-23T08:28:45.9019939-05:00" testType="13cdc9d9-ddb5-4fa4-a97d-d965ccfc6d4b" outcome="Passed" testListId="8c84fa94-04c1-424b-9868-57a2d4851a1d" relativeResultsDirectory="f61c5bc4-40fc-4fa2-8795-63009d00af94" />
    <UnitTestResult executionId="e04ab113-19f8-45c6-9072-db88ec7a4417" testId="51df8dac-8277-40b6-b36b-b3f7c3ff3900" testName="OpenAirClientGetUsersByActiveAsync_ShouldParseResult" computerName="RKOLEV-PC" duration="00:00:00.0034942" startTime="2021-07-23T08:28:45.8721586-05:00" endTime="2021-07-23T08:28:45.8757619-05:00" testType="13cdc9d9-ddb5-4fa4-a97d-d965ccfc6d4b" outcome="Passed" testListId="8c84fa94-04c1-424b-9868-57a2d4851a1d" relativeResultsDirectory="e04ab113-19f8-45c6-9072-db88ec7a4417" />
    <UnitTestResult executionId="9593557c-b272-4ee6-ac98-01eb80bfbf6c" testId="150e4b09-b38c-4aa1-a73f-93f7a7512acc" testName="AzureQueryShouldCreateOrExp" computerName="RKOLEV-PC" duration="00:00:00.0003509" startTime="2021-07-23T08:28:45.7597665-05:00" endTime="2021-07-23T08:28:45.7602395-05:00" testType="13cdc9d9-ddb5-4fa4-a97d-d965ccfc6d4b" outcome="Passed" testListId="8c84fa94-04c1-424b-9868-57a2d4851a1d" relativeResultsDirectory="9593557c-b272-4ee6-ac98-01eb80bfbf6c" />
    <UnitTestResult executionId="2a25359f-90f4-4c04-af2d-039e00829718" testId="3d778d4f-0b8e-4586-a828-3564ffd394ef" testName="PluginAccessorWithPluginWithNoGeupShoudStillReturn" computerName="RKOLEV-PC" duration="00:00:00.0005380" startTime="2021-07-23T08:28:46.4083578-05:00" endTime="2021-07-23T08:28:46.4090946-05:00" testType="13cdc9d9-ddb5-4fa4-a97d-d965ccfc6d4b" outcome="Passed" testListId="8c84fa94-04c1-424b-9868-57a2d4851a1d" relativeResultsDirectory="2a25359f-90f4-4c04-af2d-039e00829718" />
    <UnitTestResult executionId="c23a1671-13d9-4215-ab7e-fd07684d9106" testId="7c2d0c33-3ea1-4a00-b956-cf790dd23196" testName="TableClientService_ShouldDisposeClient" computerName="RKOLEV-PC" duration="00:00:00.0003712" startTime="2021-07-23T08:28:45.7806505-05:00" endTime="2021-07-23T08:28:45.7810848-05:00" testType="13cdc9d9-ddb5-4fa4-a97d-d965ccfc6d4b" outcome="Passed" testListId="8c84fa94-04c1-424b-9868-57a2d4851a1d" relativeResultsDirectory="c23a1671-13d9-4215-ab7e-fd07684d9106" />
    <UnitTestResult executionId="d62bccf9-e21c-4c8a-af3d-d28507208294" testId="41f6cafe-da3a-4a49-9031-936d11c1f029" testName="GetAddressesAsync_NotConnected_returns_EmptyList" computerName="RKOLEV-PC" duration="00:00:00.0014290" startTime="2021-07-23T08:28:45.7055499-05:00" endTime="2021-07-23T08:28:45.7070518-05:00" testType="13cdc9d9-ddb5-4fa4-a97d-d965ccfc6d4b" outcome="Passed" testListId="8c84fa94-04c1-424b-9868-57a2d4851a1d" relativeResultsDirectory="d62bccf9-e21c-4c8a-af3d-d28507208294" />
    <UnitTestResult executionId="1426e1f3-5ffb-41c7-b563-24140f458e9b" testId="c792217b-d87d-4e19-8f5d-a42371ed93f8" testName="HelpWhenAskedShouldCheckTheApi" computerName="RKOLEV-PC" duration="00:00:00.0039788" startTime="2021-07-23T08:28:46.0590879-05:00" endTime="2021-07-23T08:28:46.0631622-05:00" testType="13cdc9d9-ddb5-4fa4-a97d-d965ccfc6d4b" outcome="Passed" testListId="8c84fa94-04c1-424b-9868-57a2d4851a1d" relativeResultsDirectory="1426e1f3-5ffb-41c7-b563-24140f458e9b" />
    <UnitTestResult executionId="4c3b2aa7-7c0b-458f-808a-f519c1d92155" testId="a5cbc5fe-38f5-4520-bfcd-e178d44fa9c6" testName="WikipediaProcessorSubjectShoudBeEncyclopedia" computerName="RKOLEV-PC" duration="00:00:00.0022557" startTime="2021-07-23T08:28:46.6388947-05:00" endTime="2021-07-23T08:28:46.6413091-05:00" testType="13cdc9d9-ddb5-4fa4-a97d-d965ccfc6d4b" outcome="Passed" testListId="8c84fa94-04c1-424b-9868-57a2d4851a1d" relativeResultsDirectory="4c3b2aa7-7c0b-458f-808a-f519c1d92155" />
    <UnitTestResult executionId="9edd536e-71ed-4140-a763-5e19dbe06602" testId="8c0c86f5-3ce1-40ef-bc73-44dd456c70c2" testName="WhenAskedItShouldGetTimesheets" computerName="RKOLEV-PC" duration="00:00:00.1746144" startTime="2021-07-23T08:28:46.2158456-05:00" endTime="2021-07-23T08:28:46.3906160-05:00" testType="13cdc9d9-ddb5-4fa4-a97d-d965ccfc6d4b" outcome="Passed" testListId="8c84fa94-04c1-424b-9868-57a2d4851a1d" relativeResultsDirectory="9edd536e-71ed-4140-a763-5e19dbe06602" />
    <UnitTestResult executionId="914d83eb-c5a1-41d2-bde6-acc258c755d5" testId="cce8d7c6-b91f-4fcb-b1f7-417a4d2a72a7" testName="StorageService_GetUserByEmailShouldReturnFromStorage" computerName="RKOLEV-PC" duration="00:00:00.0007929" startTime="2021-07-23T08:28:45.6653247-05:00" endTime="2021-07-23T08:28:45.6661956-05:00" testType="13cdc9d9-ddb5-4fa4-a97d-d965ccfc6d4b" outcome="Passed" testListId="8c84fa94-04c1-424b-9868-57a2d4851a1d" relativeResultsDirectory="914d83eb-c5a1-41d2-bde6-acc258c755d5" />
    <UnitTestResult executionId="5b542561-bbe3-4e54-8336-2516ed8ff671" testId="12be3e04-ffda-4021-824d-0e424d3be554" testName="UserInfoProcessorSubjectShouldBeUser" computerName="RKOLEV-PC" duration="00:00:00.0003645" startTime="2021-07-23T08:28:46.6297960-05:00" endTime="2021-07-23T08:28:46.6303410-05:00" testType="13cdc9d9-ddb5-4fa4-a97d-d965ccfc6d4b" outcome="Passed" testListId="8c84fa94-04c1-424b-9868-57a2d4851a1d" relativeResultsDirectory="5b542561-bbe3-4e54-8336-2516ed8ff671" />
    <UnitTestResult executionId="6ecd25bd-83a0-47e5-8447-b0ed54b352b4" testId="8f03d250-9a5e-414a-acac-4de12357d4f6" testName="GetSettingsErrorWhenRequestedFromUserRole" computerName="RKOLEV-PC" duration="00:00:00.0053723" startTime="2021-07-23T08:28:47.1530371-05:00" endTime="2021-07-23T08:28:47.1586015-05:00" testType="13cdc9d9-ddb5-4fa4-a97d-d965ccfc6d4b" outcome="Passed" testListId="8c84fa94-04c1-424b-9868-57a2d4851a1d" relativeResultsDirectory="6ecd25bd-83a0-47e5-8447-b0ed54b352b4" />
    <UnitTestResult executionId="fde597c8-db13-408a-99f1-22f8ffa4cc5b" testId="434b8e69-f9fc-40c4-baac-305c0a3fc5f7" testName="GetAddressesAsync_Connected_returns_a_list_of_3_addresses" computerName="RKOLEV-PC" duration="00:00:00.0019179" startTime="2021-07-23T08:28:45.7354952-05:00" endTime="2021-07-23T08:28:45.7375634-05:00" testType="13cdc9d9-ddb5-4fa4-a97d-d965ccfc6d4b" outcome="Passed" testListId="8c84fa94-04c1-424b-9868-57a2d4851a1d" relativeResultsDirectory="fde597c8-db13-408a-99f1-22f8ffa4cc5b" />
    <UnitTestResult executionId="a796aa0c-4730-45b6-b9bb-8a0b6473c34b" testId="e9af2ff2-9b82-4d19-a72d-518622e6d142" testName="OpenAirConnector_GetUnsubmittedTimesheetsWithOldDataAsync" computerName="RKOLEV-PC" duration="00:00:00.0022309" startTime="2021-07-23T08:28:45.9020503-05:00" endTime="2021-07-23T08:28:45.9044022-05:00" testType="13cdc9d9-ddb5-4fa4-a97d-d965ccfc6d4b" outcome="Passed" testListId="8c84fa94-04c1-424b-9868-57a2d4851a1d" relativeResultsDirectory="a796aa0c-4730-45b6-b9bb-8a0b6473c34b" />
    <UnitTestResult executionId="20d42e02-ba1c-4e8b-8b4d-ead8bf4daea7" testId="7f279736-52fc-4e4e-b3f2-f77e813fcb88" testName="StorageService_AddUsers" computerName="RKOLEV-PC" duration="00:00:00.0013059" startTime="2021-07-23T08:28:45.6907940-05:00" endTime="2021-07-23T08:28:45.6922161-05:00" testType="13cdc9d9-ddb5-4fa4-a97d-d965ccfc6d4b" outcome="Passed" testListId="8c84fa94-04c1-424b-9868-57a2d4851a1d" relativeResultsDirectory="20d42e02-ba1c-4e8b-8b4d-ead8bf4daea7" />
    <UnitTestResult executionId="71ec186d-ce00-4ffa-b33d-34b470a9fa80" testId="c5647c8b-1724-4077-b9e5-e4ff08e270ab" testName="HangoutsChatConnector_GetAddressSkipError" computerName="RKOLEV-PC" duration="00:00:00.0453478" startTime="2021-07-23T08:28:46.9895616-05:00" endTime="2021-07-23T08:28:47.0350227-05:00" testType="13cdc9d9-ddb5-4fa4-a97d-d965ccfc6d4b" outcome="Passed" testListId="8c84fa94-04c1-424b-9868-57a2d4851a1d" relativeResultsDirectory="71ec186d-ce00-4ffa-b33d-34b470a9fa80" />
    <UnitTestResult executionId="7a24c276-2e1f-4724-af2a-91dfdecdbdb2" testId="50800882-a9ef-48cf-b0b4-e37aeebbb203" testName="JenkinsClientWhouldCallApi" computerName="RKOLEV-PC" duration="00:00:00.0088430" startTime="2021-07-23T08:28:47.0370288-05:00" endTime="2021-07-23T08:28:47.0460801-05:00" testType="13cdc9d9-ddb5-4fa4-a97d-d965ccfc6d4b" outcome="Passed" testListId="8c84fa94-04c1-424b-9868-57a2d4851a1d" relativeResultsDirectory="7a24c276-2e1f-4724-af2a-91dfdecdbdb2" />
    <UnitTestResult executionId="27cc67cf-f84d-4400-912f-9fb12fa940eb" testId="ebf42a48-ee4d-40e7-b8a9-9405431beb3b" testName="nice" computerName="RKOLEV-PC" duration="00:00:00.0000092" startTime="2021-07-23T08:28:46.0531179-05:00" endTime="2021-07-23T08:28:46.0531794-05:00" testType="13cdc9d9-ddb5-4fa4-a97d-d965ccfc6d4b" outcome="Passed" testListId="8c84fa94-04c1-424b-9868-57a2d4851a1d" relativeResultsDirectory="27cc67cf-f84d-4400-912f-9fb12fa940eb" />
    <UnitTestResult executionId="7ac9af75-465a-4ff0-be27-709fc6ea5c38" testId="42bd09d2-d594-48a1-b07c-b39bb00cf362" testName="GetUsersShouldErrorWhenRequestedFromUserRole" computerName="RKOLEV-PC" duration="00:00:00.0013692" startTime="2021-07-23T08:28:47.1658789-05:00" endTime="2021-07-23T08:28:47.1673614-05:00" testType="13cdc9d9-ddb5-4fa4-a97d-d965ccfc6d4b" outcome="Passed" testListId="8c84fa94-04c1-424b-9868-57a2d4851a1d" relativeResultsDirectory="7ac9af75-465a-4ff0-be27-709fc6ea5c38" />
    <UnitTestResult executionId="c044fff2-9807-4638-aeca-9206c26d0e0a" testId="083920b1-3ac6-4216-92de-7b7d872c11f1" testName="StorageService_AddAddressDoNothingIsNotConnected" computerName="RKOLEV-PC" duration="00:00:00.0006246" startTime="2021-07-23T08:28:45.6710922-05:00" endTime="2021-07-23T08:28:45.6718217-05:00" testType="13cdc9d9-ddb5-4fa4-a97d-d965ccfc6d4b" outcome="Passed" testListId="8c84fa94-04c1-424b-9868-57a2d4851a1d" relativeResultsDirectory="c044fff2-9807-4638-aeca-9206c26d0e0a" />
    <UnitTestResult executionId="73ecf037-2067-41ce-8f35-7bb4066d8648" testId="f2a7a4f4-a594-428e-a6b3-52d2eb72351f" testName="OpenAirClientDate_ShouldCompare" computerName="RKOLEV-PC" duration="00:00:00.0013446" startTime="2021-07-23T08:28:45.7869752-05:00" endTime="2021-07-23T08:28:45.7883959-05:00" testType="13cdc9d9-ddb5-4fa4-a97d-d965ccfc6d4b" outcome="Passed" testListId="8c84fa94-04c1-424b-9868-57a2d4851a1d" relativeResultsDirectory="73ecf037-2067-41ce-8f35-7bb4066d8648" />
    <UnitTestResult executionId="04bf4324-4e0a-4ce9-9297-5c8f8cd0568a" testId="274d97f7-d0b8-4ce5-a9d1-6a68d0430d50" testName="get next" computerName="RKOLEV-PC" duration="00:00:00.0002252" startTime="2021-07-23T08:28:46.0424051-05:00" endTime="2021-07-23T08:28:46.0427390-05:00" testType="13cdc9d9-ddb5-4fa4-a97d-d965ccfc6d4b" outcome="Passed" testListId="8c84fa94-04c1-424b-9868-57a2d4851a1d" relativeResultsDirectory="04bf4324-4e0a-4ce9-9297-5c8f8cd0568a" />
    <UnitTestResult executionId="22fcd273-ba36-44f2-a424-4cab97809718" testId="06818db5-52c1-4a5d-a770-3d04e4dfc550" testName="OpenAirProcessorSubjectShoudBeTimesheets" computerName="RKOLEV-PC" duration="00:00:00.0051822" startTime="2021-07-23T08:28:46.1990422-05:00" endTime="2021-07-23T08:28:46.2044512-05:00" testType="13cdc9d9-ddb5-4fa4-a97d-d965ccfc6d4b" outcome="Passed" testListId="8c84fa94-04c1-424b-9868-57a2d4851a1d" relativeResultsDirectory="22fcd273-ba36-44f2-a424-4cab97809718" />
    <UnitTestResult executionId="84285e9c-4fb5-47d4-91af-fd56dda771b7" testId="f907d4e6-0c54-4407-93d3-857dc7cb7859" testName="GetSettingsShouldQueryTheStorage" computerName="RKOLEV-PC" duration="00:00:00.0056727" startTime="2021-07-23T08:28:47.1442582-05:00" endTime="2021-07-23T08:28:47.1500735-05:00" testType="13cdc9d9-ddb5-4fa4-a97d-d965ccfc6d4b" outcome="Passed" testListId="8c84fa94-04c1-424b-9868-57a2d4851a1d" relativeResultsDirectory="84285e9c-4fb5-47d4-91af-fd56dda771b7" />
    <UnitTestResult executionId="4bce64b4-d5ab-4a62-807e-3bbd7ef3fc1b" testId="fe3bbf47-79fa-4996-9907-4ab7936dd6b0" testName="who" computerName="RKOLEV-PC" duration="00:00:00.0000088" startTime="2021-07-23T08:28:46.0554724-05:00" endTime="2021-07-23T08:28:46.0555371-05:00" testType="13cdc9d9-ddb5-4fa4-a97d-d965ccfc6d4b" outcome="Passed" testListId="8c84fa94-04c1-424b-9868-57a2d4851a1d" relativeResultsDirectory="4bce64b4-d5ab-4a62-807e-3bbd7ef3fc1b" />
    <UnitTestResult executionId="7be2f626-be95-421d-a255-82288b9e3e24" testId="514f86f6-43df-413e-aedb-a187927fff84" testName="StorageService_GetAddresses" computerName="RKOLEV-PC" duration="00:00:00.0090174" startTime="2021-07-23T08:28:45.6275502-05:00" endTime="2021-07-23T08:28:45.6366801-05:00" testType="13cdc9d9-ddb5-4fa4-a97d-d965ccfc6d4b" outcome="Passed" testListId="8c84fa94-04c1-424b-9868-57a2d4851a1d" relativeResultsDirectory="7be2f626-be95-421d-a255-82288b9e3e24" />
    <UnitTestResult executionId="556019d6-0636-4a66-b5c5-6ebd6f477e37" testId="4a843d2c-9388-42b4-9bb0-10ec5ebfaa4c" testName="GoogleCalendarConnector_ShouldGetNextMeeting" computerName="RKOLEV-PC" duration="00:00:00.1457241" startTime="2021-07-23T08:28:46.7680295-05:00" endTime="2021-07-23T08:28:46.9139545-05:00" testType="13cdc9d9-ddb5-4fa4-a97d-d965ccfc6d4b" outcome="Passed" testListId="8c84fa94-04c1-424b-9868-57a2d4851a1d" relativeResultsDirectory="556019d6-0636-4a66-b5c5-6ebd6f477e37" />
    <UnitTestResult executionId="9611da1b-f6e0-4813-9ce5-26f020150fd3" testId="9becde4f-4718-4076-8d78-e4b18bc547a6" testName="PluginAccessorShouldGetUserProperty" computerName="RKOLEV-PC" duration="00:00:00.0019814" startTime="2021-07-23T08:28:46.4157818-05:00" endTime="2021-07-23T08:28:46.4178415-05:00" testType="13cdc9d9-ddb5-4fa4-a97d-d965ccfc6d4b" outcome="Passed" testListId="8c84fa94-04c1-424b-9868-57a2d4851a1d" relativeResultsDirectory="9611da1b-f6e0-4813-9ce5-26f020150fd3" />
    <UnitTestResult executionId="ec39a375-cc99-4e21-b618-2344cb6a5f16" testId="4fbedb86-909d-4b2f-9d2b-046f98b3b186" testName="OpenAirClientGetTimesheetsByStatus_ShouldParseResult" computerName="RKOLEV-PC" duration="00:00:00.0025078" startTime="2021-07-23T08:28:45.8610940-05:00" endTime="2021-07-23T08:28:45.8637426-05:00" testType="13cdc9d9-ddb5-4fa4-a97d-d965ccfc6d4b" outcome="Passed" testListId="8c84fa94-04c1-424b-9868-57a2d4851a1d" relativeResultsDirectory="ec39a375-cc99-4e21-b618-2344cb6a5f16" />
    <UnitTestResult executionId="e84b39bc-bfad-4683-8ae1-01422da9e413" testId="7b7a22ad-de5b-42ea-9a1d-fb7aa6d85bb6" testName="GetServiceAccountStreamAsync_ShouldReturnNullIfNotConnected" computerName="RKOLEV-PC" duration="00:00:00.0035755" startTime="2021-07-23T08:28:46.9199739-05:00" endTime="2021-07-23T08:28:46.9237971-05:00" testType="13cdc9d9-ddb5-4fa4-a97d-d965ccfc6d4b" outcome="Passed" testListId="8c84fa94-04c1-424b-9868-57a2d4851a1d" relativeResultsDirectory="e84b39bc-bfad-4683-8ae1-01422da9e413" />
    <UnitTestResult executionId="d0aa6cb3-5133-4736-a939-cff3ca47c535" testId="ad3e18dd-9a07-44f9-a061-f9c7d2358ebe" testName="HelloProcessorNameShouldBeOk" computerName="RKOLEV-PC" duration="00:00:00.0001422" startTime="2021-07-23T08:28:46.0508369-05:00" endTime="2021-07-23T08:28:46.0510453-05:00" testType="13cdc9d9-ddb5-4fa4-a97d-d965ccfc6d4b" outcome="Passed" testListId="8c84fa94-04c1-424b-9868-57a2d4851a1d" relativeResultsDirectory="d0aa6cb3-5133-4736-a939-cff3ca47c535" />
    <UnitTestResult executionId="87b18183-bbc9-4796-9330-bdaa43263529" testId="090b581e-3eb8-40d9-9137-e370c2b42fd0" testName="SendScheduledTimesheetShouldStoreStatistics" computerName="RKOLEV-PC" duration="00:00:00.0061119" startTime="2021-07-23T08:28:46.6120871-05:00" endTime="2021-07-23T08:28:46.6183308-05:00" testType="13cdc9d9-ddb5-4fa4-a97d-d965ccfc6d4b" outcome="Passed" testListId="8c84fa94-04c1-424b-9868-57a2d4851a1d" relativeResultsDirectory="87b18183-bbc9-4796-9330-bdaa43263529" />
    <UnitTestResult executionId="fd7a57b6-894c-4057-9ad0-16dd1c764f0e" testId="5324e663-5da5-4eb4-b5cd-01036d3d0524" testName="BuildInfoProcessorShouldReturnJobInfo" computerName="RKOLEV-PC" duration="00:00:00.0054960" startTime="2021-07-23T08:28:45.9626460-05:00" endTime="2021-07-23T08:28:45.9682206-05:00" testType="13cdc9d9-ddb5-4fa4-a97d-d965ccfc6d4b" outcome="Passed" testListId="8c84fa94-04c1-424b-9868-57a2d4851a1d" relativeResultsDirectory="fd7a57b6-894c-4057-9ad0-16dd1c764f0e" />
    <UnitTestResult executionId="8afac58e-970b-4f3a-b859-34628c63c8d2" testId="faaf46ad-f25c-4455-a775-183808ecedca" testName="WikipediaWhenAskedWithNoQueryShouldReturnMessage" computerName="RKOLEV-PC" duration="00:00:00.0097866" startTime="2021-07-23T08:28:46.6429540-05:00" endTime="2021-07-23T08:28:46.6528687-05:00" testType="13cdc9d9-ddb5-4fa4-a97d-d965ccfc6d4b" outcome="Passed" testListId="8c84fa94-04c1-424b-9868-57a2d4851a1d" relativeResultsDirectory="8afac58e-970b-4f3a-b859-34628c63c8d2" />
    <UnitTestResult executionId="5a1519f4-4401-4872-8fc2-11d4aeee3793" testId="72b0994c-3f19-476c-8425-21b1a987254e" testName="Test short repeat" computerName="RKOLEV-PC" duration="00:00:00.0106125" startTime="2021-07-23T08:28:46.4188188-05:00" endTime="2021-07-23T08:28:46.4296190-05:00" testType="13cdc9d9-ddb5-4fa4-a97d-d965ccfc6d4b" outcome="Passed" testListId="8c84fa94-04c1-424b-9868-57a2d4851a1d" relativeResultsDirectory="5a1519f4-4401-4872-8fc2-11d4aeee3793" />
    <UnitTestResult executionId="aaa2e421-a144-4d45-a085-20e2aa92688d" testId="e3ca6731-c66e-4cf2-a5e9-a0be4a1276f6" testName="GetServiceAccountStream_ShouldReturnTheStreamCached" computerName="RKOLEV-PC" duration="00:00:00.0006481" startTime="2021-07-23T08:28:46.9251795-05:00" endTime="2021-07-23T08:28:46.9258899-05:00" testType="13cdc9d9-ddb5-4fa4-a97d-d965ccfc6d4b" outcome="Passed" testListId="8c84fa94-04c1-424b-9868-57a2d4851a1d" relativeResultsDirectory="aaa2e421-a144-4d45-a085-20e2aa92688d" />
    <UnitTestResult executionId="fdd17037-bfa8-4660-8140-9c54f07cf2fa" testId="7336cd25-2dc6-4730-9919-51b894e5c894" testName="AzureQueryShouldCreateWhereExp" computerName="RKOLEV-PC" duration="00:00:00.0136035" startTime="2021-07-23T08:28:45.7458642-05:00" endTime="2021-07-23T08:28:45.7596938-05:00" testType="13cdc9d9-ddb5-4fa4-a97d-d965ccfc6d4b" outcome="Passed" testListId="8c84fa94-04c1-424b-9868-57a2d4851a1d" relativeResultsDirectory="fdd17037-bfa8-4660-8140-9c54f07cf2fa" />
    <UnitTestResult executionId="4903927b-c4ba-4b55-99b3-d4a70b496f36" testId="ed2f83f1-df65-49cc-94de-5b8a2ee4a3e1" testName="ServiceLocatorIsBuild" computerName="RKOLEV-PC" duration="00:00:00.1091411" startTime="2021-07-23T08:28:45.0399419-05:00" endTime="2021-07-23T08:28:45.1492770-05:00" testType="13cdc9d9-ddb5-4fa4-a97d-d965ccfc6d4b" outcome="Passed" testListId="8c84fa94-04c1-424b-9868-57a2d4851a1d" relativeResultsDirectory="4903927b-c4ba-4b55-99b3-d4a70b496f36" />
    <UnitTestResult executionId="b90f302e-2a7d-46fd-9273-48cbe02d6d3b" testId="f965d76a-83ff-4dd9-9874-2410d45e1366" testName="TableClientService_ShouldMergeRecords" computerName="RKOLEV-PC" duration="00:00:00.0090795" startTime="2021-07-23T08:28:45.7619444-05:00" endTime="2021-07-23T08:28:45.7712337-05:00" testType="13cdc9d9-ddb5-4fa4-a97d-d965ccfc6d4b" outcome="Passed" testListId="8c84fa94-04c1-424b-9868-57a2d4851a1d" relativeResultsDirectory="b90f302e-2a7d-46fd-9273-48cbe02d6d3b" />
    <UnitTestResult executionId="6046111a-1676-4db5-99a5-826eedf864c1" testId="32657266-d0a7-42a5-9fa5-66ce5582f4d3" testName="AddOrUpdateUserAsyncShouldMergeOrInsert" computerName="RKOLEV-PC" duration="00:00:00.0011679" startTime="2021-07-23T08:28:45.7340623-05:00" endTime="2021-07-23T08:28:45.7353584-05:00" testType="13cdc9d9-ddb5-4fa4-a97d-d965ccfc6d4b" outcome="Passed" testListId="8c84fa94-04c1-424b-9868-57a2d4851a1d" relativeResultsDirectory="6046111a-1676-4db5-99a5-826eedf864c1" />
    <UnitTestResult executionId="0a15ac7e-9480-4823-8e90-f2a4d9c790da" testId="e8b20394-f8e5-410b-8a84-f13fea0b79e1" testName="Test odd repeat" computerName="RKOLEV-PC" duration="00:00:00.0000185" startTime="2021-07-23T08:28:46.4318537-05:00" endTime="2021-07-23T08:28:46.4319598-05:00" testType="13cdc9d9-ddb5-4fa4-a97d-d965ccfc6d4b" outcome="Passed" testListId="8c84fa94-04c1-424b-9868-57a2d4851a1d" relativeResultsDirectory="0a15ac7e-9480-4823-8e90-f2a4d9c790da" />
    <UnitTestResult executionId="292b0399-e1a6-41dd-b678-e8a003bc4c56" testId="698b8196-1716-4ad2-85ec-412b5aae8ffd" testName="StorageService_GetNotWorkIfOffLine" computerName="RKOLEV-PC" duration="00:00:00.0037328" startTime="2021-07-23T08:28:45.6235217-05:00" endTime="2021-07-23T08:28:45.6274902-05:00" testType="13cdc9d9-ddb5-4fa4-a97d-d965ccfc6d4b" outcome="Passed" testListId="8c84fa94-04c1-424b-9868-57a2d4851a1d" relativeResultsDirectory="292b0399-e1a6-41dd-b678-e8a003bc4c56" />
    <UnitTestResult executionId="8afdb34d-8ef4-4cc4-99b3-11760b528ad2" testId="5910863d-e44e-4588-978f-d07b1e4183b4" testName="StorageService_GetAllPlugins" computerName="RKOLEV-PC" duration="00:00:00.0047076" startTime="2021-07-23T08:28:45.6662305-05:00" endTime="2021-07-23T08:28:45.6710285-05:00" testType="13cdc9d9-ddb5-4fa4-a97d-d965ccfc6d4b" outcome="Passed" testListId="8c84fa94-04c1-424b-9868-57a2d4851a1d" relativeResultsDirectory="8afdb34d-8ef4-4cc4-99b3-11760b528ad2" />
    <UnitTestResult executionId="0748a1ee-ed85-404d-a6c3-ef3de3d9a18b" testId="6c51a1c8-209e-4c16-a55b-f4481d4afc60" testName="IssuesProcessorSubjectCheck" computerName="RKOLEV-PC" duration="00:00:00.0022283" startTime="2021-07-23T08:28:46.0632238-05:00" endTime="2021-07-23T08:28:46.0656687-05:00" testType="13cdc9d9-ddb5-4fa4-a97d-d965ccfc6d4b" outcome="Passed" testListId="8c84fa94-04c1-424b-9868-57a2d4851a1d" relativeResultsDirectory="0748a1ee-ed85-404d-a6c3-ef3de3d9a18b" />
    <UnitTestResult executionId="df20ba4c-b85b-466c-87c4-f327e4c0af4c" testId="dce3c0d8-d4bf-414e-ad38-65b49f5db1c1" testName="HelpProcessorNameShouldBeOk" computerName="RKOLEV-PC" duration="00:00:00.0002296" startTime="2021-07-23T08:28:46.0587380-05:00" endTime="2021-07-23T08:28:46.0590589-05:00" testType="13cdc9d9-ddb5-4fa4-a97d-d965ccfc6d4b" outcome="Passed" testListId="8c84fa94-04c1-424b-9868-57a2d4851a1d" relativeResultsDirectory="df20ba4c-b85b-466c-87c4-f327e4c0af4c" />
    <UnitTestResult executionId="e6f7d797-56ac-463d-a6b7-a3a61ee8c007" testId="114c9692-8117-477a-9d00-2a002e11805d" testName="OpenAirShouldSyncUsers" computerName="RKOLEV-PC" duration="00:00:00.0330959" startTime="2021-07-23T08:28:45.9044501-05:00" endTime="2021-07-23T08:28:45.9376599-05:00" testType="13cdc9d9-ddb5-4fa4-a97d-d965ccfc6d4b" outcome="Passed" testListId="8c84fa94-04c1-424b-9868-57a2d4851a1d" relativeResultsDirectory="e6f7d797-56ac-463d-a6b7-a3a61ee8c007" />
    <UnitTestResult executionId="2cde4ca4-44c9-484f-bd34-70e37cc8862d" testId="01f895dc-4b88-4cf3-9357-e2afcc93ad16" testName="StorageService_GetAllUsers" computerName="RKOLEV-PC" duration="00:00:00.0008936" startTime="2021-07-23T08:28:45.6642836-05:00" endTime="2021-07-23T08:28:45.6652872-05:00" testType="13cdc9d9-ddb5-4fa4-a97d-d965ccfc6d4b" outcome="Passed" testListId="8c84fa94-04c1-424b-9868-57a2d4851a1d" relativeResultsDirectory="2cde4ca4-44c9-484f-bd34-70e37cc8862d" />
    <UnitTestResult executionId="439c5f79-0c7d-46b3-b44a-537573a7b6c4" testId="51db572c-d42d-41ad-9a00-c553fef0625d" testName="default" computerName="RKOLEV-PC" duration="00:00:00.0000167" startTime="2021-07-23T08:28:46.0552720-05:00" endTime="2021-07-23T08:28:46.0553875-05:00" testType="13cdc9d9-ddb5-4fa4-a97d-d965ccfc6d4b" outcome="Passed" testListId="8c84fa94-04c1-424b-9868-57a2d4851a1d" relativeResultsDirectory="439c5f79-0c7d-46b3-b44a-537573a7b6c4" />
    <UnitTestResult executionId="8af56307-9254-41de-866a-d70964975e10" testId="e6083aa2-a95f-4041-a0c4-b69970b0e573" testName="AzureBlobStorage_BlobPath_ShouldParsePath" computerName="RKOLEV-PC" duration="00:00:00.0005913" startTime="2021-07-23T08:28:46.7316925-05:00" endTime="2021-07-23T08:28:46.7323909-05:00" testType="13cdc9d9-ddb5-4fa4-a97d-d965ccfc6d4b" outcome="Passed" testListId="8c84fa94-04c1-424b-9868-57a2d4851a1d" relativeResultsDirectory="8af56307-9254-41de-866a-d70964975e10" />
    <UnitTestResult executionId="23d96742-d657-49c8-b3da-dd6f2cf442ea" testId="1d41386e-6ecb-4bb0-9bb7-52e4feb40413" testName="AddAddressesAsync_Connected_returns_true_and_stores_3_addresses" computerName="RKOLEV-PC" duration="00:00:00.0032693" startTime="2021-07-23T08:28:45.7290604-05:00" endTime="2021-07-23T08:28:45.7324264-05:00" testType="13cdc9d9-ddb5-4fa4-a97d-d965ccfc6d4b" outcome="Passed" testListId="8c84fa94-04c1-424b-9868-57a2d4851a1d" relativeResultsDirectory="23d96742-d657-49c8-b3da-dd6f2cf442ea" />
    <UnitTestResult executionId="70acaaaa-1934-408a-8d2c-6cfe514973dc" testId="6cb9a4e7-36bd-4982-8144-51463f5deadb" testName="CognitiveService_ProcessShouldGetPluginsFromStorage" computerName="RKOLEV-PC" duration="00:00:00.0157370" startTime="2021-07-23T08:28:45.3148074-05:00" endTime="2021-07-23T08:28:45.3306931-05:00" testType="13cdc9d9-ddb5-4fa4-a97d-d965ccfc6d4b" outcome="Passed" testListId="8c84fa94-04c1-424b-9868-57a2d4851a1d" relativeResultsDirectory="70acaaaa-1934-408a-8d2c-6cfe514973dc" />
    <UnitTestResult executionId="e0de3a41-20bb-43f6-9cbe-fffcb3f5eb6c" testId="1285708d-22a6-4b47-b8b9-eee2c5dc89fa" testName="StorageService_GetMessages" computerName="RKOLEV-PC" duration="00:00:00.0182516" startTime="2021-07-23T08:28:45.6367319-05:00" endTime="2021-07-23T08:28:45.6551073-05:00" testType="13cdc9d9-ddb5-4fa4-a97d-d965ccfc6d4b" outcome="Passed" testListId="8c84fa94-04c1-424b-9868-57a2d4851a1d" relativeResultsDirectory="e0de3a41-20bb-43f6-9cbe-fffcb3f5eb6c" />
    <UnitTestResult executionId="d6b599e5-cbb0-4a5f-a5c5-faf98bb22326" testId="b8e00bd8-4cc1-4499-b86d-0b3079f871d7" testName="UserInfoShouldNotReturnIfNotRequestedMyManager" computerName="RKOLEV-PC" duration="00:00:00.0012191" startTime="2021-07-23T08:28:46.6375494-05:00" endTime="2021-07-23T08:28:46.6388664-05:00" testType="13cdc9d9-ddb5-4fa4-a97d-d965ccfc6d4b" outcome="Passed" testListId="8c84fa94-04c1-424b-9868-57a2d4851a1d" relativeResultsDirectory="d6b599e5-cbb0-4a5f-a5c5-faf98bb22326" />
    <UnitTestResult executionId="99c1a0df-8151-44a5-85ed-f3d68505c2ce" testId="878a4543-e145-4c7d-8052-f5b5c1e6e1f8" testName="IssuesProcessorNameCheck" computerName="RKOLEV-PC" duration="00:00:00.0002050" startTime="2021-07-23T08:28:46.0657046-05:00" endTime="2021-07-23T08:28:46.0659770-05:00" testType="13cdc9d9-ddb5-4fa4-a97d-d965ccfc6d4b" outcome="Passed" testListId="8c84fa94-04c1-424b-9868-57a2d4851a1d" relativeResultsDirectory="99c1a0df-8151-44a5-85ed-f3d68505c2ce" />
    <UnitTestResult executionId="ca1fe169-e37c-4b02-b872-7cf4eff9404d" testId="8a7ceb2a-cb2b-4b93-91d1-6090ad85afb9" testName="AzureLuisClientExamples" computerName="RKOLEV-PC" duration="00:00:00.0028797" startTime="2021-07-23T08:28:46.7480821-05:00" endTime="2021-07-23T08:28:46.7510754-05:00" testType="13cdc9d9-ddb5-4fa4-a97d-d965ccfc6d4b" outcome="Passed" testListId="8c84fa94-04c1-424b-9868-57a2d4851a1d" relativeResultsDirectory="ca1fe169-e37c-4b02-b872-7cf4eff9404d" />
    <UnitTestResult executionId="d2af1bc2-0395-42e0-b644-ea20b4a899f7" testId="19fa738a-07f2-47f6-8d86-d6c492d98cc0" testName="ValidateTokenShouldSaveUserWithouGoogleId" computerName="RKOLEV-PC" duration="00:00:00.0033317" startTime="2021-07-23T08:28:45.5883993-05:00" endTime="2021-07-23T08:28:45.5918840-05:00" testType="13cdc9d9-ddb5-4fa4-a97d-d965ccfc6d4b" outcome="Passed" testListId="8c84fa94-04c1-424b-9868-57a2d4851a1d" relativeResultsDirectory="d2af1bc2-0395-42e0-b644-ea20b4a899f7" />
    <UnitTestResult executionId="72e77e25-0f4a-48c2-b8ce-6e6fc435bca1" testId="6f401637-caf1-4b91-8950-0d16a8262930" testName="IssuesProcessorShouldReturnMessageWhenNoProjectOrStatus" computerName="RKOLEV-PC" duration="00:00:00.0017372" startTime="2021-07-23T08:28:46.0702349-05:00" endTime="2021-07-23T08:28:46.0721047-05:00" testType="13cdc9d9-ddb5-4fa4-a97d-d965ccfc6d4b" outcome="Passed" testListId="8c84fa94-04c1-424b-9868-57a2d4851a1d" relativeResultsDirectory="72e77e25-0f4a-48c2-b8ce-6e6fc435bca1" />
    <UnitTestResult executionId="dfd547a0-b2a6-42c1-b094-8429830eeb95" testId="3e6794a5-5ce6-434f-b00f-46f76b0d7a5b" testName="SyncUserAsyncShouldExecuteSync" computerName="RKOLEV-PC" duration="00:00:00.0149563" startTime="2021-07-23T08:28:47.0612612-05:00" endTime="2021-07-23T08:28:47.0764274-05:00" testType="13cdc9d9-ddb5-4fa4-a97d-d965ccfc6d4b" outcome="Passed" testListId="8c84fa94-04c1-424b-9868-57a2d4851a1d" relativeResultsDirectory="dfd547a0-b2a6-42c1-b094-8429830eeb95" />
    <UnitTestResult executionId="7a92a790-5fe5-46ea-b9df-1123e67ef0f7" testId="6466ad3b-c5d0-407e-91fa-52e167e917ac" testName="IssuesProcessorShouldReturnMessageWhenNoHost" computerName="RKOLEV-PC" duration="00:00:00.0020831" startTime="2021-07-23T08:28:46.0660049-05:00" endTime="2021-07-23T08:28:46.0681616-05:00" testType="13cdc9d9-ddb5-4fa4-a97d-d965ccfc6d4b" outcome="Passed" testListId="8c84fa94-04c1-424b-9868-57a2d4851a1d" relativeResultsDirectory="7a92a790-5fe5-46ea-b9df-1123e67ef0f7" />
    <UnitTestResult executionId="fecad03e-8118-4b80-bef7-37b62b212a75" testId="a6c23ccb-43ea-428a-a57a-877403bb8233" testName="AddUsersAsync_NotConnected_returns_False" computerName="RKOLEV-PC" duration="00:00:00.0064243" startTime="2021-07-23T08:28:45.6934546-05:00" endTime="2021-07-23T08:28:45.7000998-05:00" testType="13cdc9d9-ddb5-4fa4-a97d-d965ccfc6d4b" outcome="Passed" testListId="8c84fa94-04c1-424b-9868-57a2d4851a1d" relativeResultsDirectory="fecad03e-8118-4b80-bef7-37b62b212a75" />
    <UnitTestResult executionId="f3fcd18e-618a-4cf0-b451-4e6113eca2d4" testId="1909c8c7-0981-49d6-a68f-71f392bcc245" testName="WhenAskedForMeeting_ShouldReturnEvent" computerName="RKOLEV-PC" duration="00:00:00.0074173" startTime="2021-07-23T08:28:46.0427676-05:00" endTime="2021-07-23T08:28:46.0502815-05:00" testType="13cdc9d9-ddb5-4fa4-a97d-d965ccfc6d4b" outcome="Passed" testListId="8c84fa94-04c1-424b-9868-57a2d4851a1d" relativeResultsDirectory="f3fcd18e-618a-4cf0-b451-4e6113eca2d4" />
    <UnitTestResult executionId="904cda6d-8b5b-4e4c-b8a6-ac8e99fc8071" testId="db306096-6a81-4f03-9ce8-f5bc1d26fc32" testName="HelpProcessorSubjectShouldBeHelp" computerName="RKOLEV-PC" duration="00:00:00.0028187" startTime="2021-07-23T08:28:46.0556547-05:00" endTime="2021-07-23T08:28:46.0586845-05:00" testType="13cdc9d9-ddb5-4fa4-a97d-d965ccfc6d4b" outcome="Passed" testListId="8c84fa94-04c1-424b-9868-57a2d4851a1d" relativeResultsDirectory="904cda6d-8b5b-4e4c-b8a6-ac8e99fc8071" />
    <UnitTestResult executionId="e6b12ac1-d2dd-4d73-a632-adcb8e970101" testId="0cbd99d0-79ce-4ef6-aef8-d3cf02414249" testName="GetUserInfoShouldValidateToken" computerName="RKOLEV-PC" duration="00:00:00.0015267" startTime="2021-07-23T08:28:47.1586536-05:00" endTime="2021-07-23T08:28:47.1602929-05:00" testType="13cdc9d9-ddb5-4fa4-a97d-d965ccfc6d4b" outcome="Passed" testListId="8c84fa94-04c1-424b-9868-57a2d4851a1d" relativeResultsDirectory="e6b12ac1-d2dd-4d73-a632-adcb8e970101" />
    <UnitTestResult executionId="ea3c227e-381e-4233-9e3b-790a137a4cac" testId="60b74804-0bfb-4843-b653-1e2c713ff681" testName="DocumentClient_CheckConnectionPolicy" computerName="RKOLEV-PC" duration="00:00:00.1320305" startTime="2021-07-23T08:28:45.3335729-05:00" endTime="2021-07-23T08:28:45.4658013-05:00" testType="13cdc9d9-ddb5-4fa4-a97d-d965ccfc6d4b" outcome="Passed" testListId="8c84fa94-04c1-424b-9868-57a2d4851a1d" relativeResultsDirectory="ea3c227e-381e-4233-9e3b-790a137a4cac" />
    <UnitTestResult executionId="19e31027-bc06-4577-b1dd-0db96cb6f12d" testId="b2fb8a15-2609-4e1a-9b31-5dab8e5bd34b" testName="WhenAskedNotifyForTimesheets" computerName="RKOLEV-PC" duration="00:00:00.0157085" startTime="2021-07-23T08:28:46.3924259-05:00" endTime="2021-07-23T08:28:46.4082981-05:00" testType="13cdc9d9-ddb5-4fa4-a97d-d965ccfc6d4b" outcome="Passed" testListId="8c84fa94-04c1-424b-9868-57a2d4851a1d" relativeResultsDirectory="19e31027-bc06-4577-b1dd-0db96cb6f12d" />
    <UnitTestResult executionId="d751ee8c-733c-436e-a6b7-45482398be77" testId="f6e95444-a71c-4be1-b7af-20a768035f0f" testName="Unknown text" computerName="RKOLEV-PC" duration="00:00:00.0000086" startTime="2021-07-23T08:28:46.4321372-05:00" endTime="2021-07-23T08:28:46.4321984-05:00" testType="13cdc9d9-ddb5-4fa4-a97d-d965ccfc6d4b" outcome="Passed" testListId="8c84fa94-04c1-424b-9868-57a2d4851a1d" relativeResultsDirectory="d751ee8c-733c-436e-a6b7-45482398be77" />
    <UnitTestResult executionId="b99ba28f-09b6-4424-a4ef-5e50664f89ac" testId="824fd407-bb64-4350-be66-9c50762f5be5" testName="TableClientService_ShouldQueryByExpression" computerName="RKOLEV-PC" duration="00:00:00.0027132" startTime="2021-07-23T08:28:45.7778229-05:00" endTime="2021-07-23T08:28:45.7806184-05:00" testType="13cdc9d9-ddb5-4fa4-a97d-d965ccfc6d4b" outcome="Passed" testListId="8c84fa94-04c1-424b-9868-57a2d4851a1d" relativeResultsDirectory="b99ba28f-09b6-4424-a4ef-5e50664f89ac" />
    <UnitTestResult executionId="233494d3-1eeb-4a3b-9f61-c9702fff41ce" testId="17201979-4964-415c-95c6-1fa183527a08" testName="StringLocalizerSelfReturn" computerName="RKOLEV-PC" duration="00:00:00.0002703" startTime="2021-07-23T08:28:45.1493511-05:00" endTime="2021-07-23T08:28:45.1498334-05:00" testType="13cdc9d9-ddb5-4fa4-a97d-d965ccfc6d4b" outcome="Passed" testListId="8c84fa94-04c1-424b-9868-57a2d4851a1d" relativeResultsDirectory="233494d3-1eeb-4a3b-9f61-c9702fff41ce" />
    <UnitTestResult executionId="232aa217-88e7-4105-b284-a48b30115140" testId="87623adc-65a9-4fed-893a-f978f59b2dbe" testName="StorageService_GetStatistics" computerName="RKOLEV-PC" duration="00:00:00.0081578" startTime="2021-07-23T08:28:45.6793252-05:00" endTime="2021-07-23T08:28:45.6875630-05:00" testType="13cdc9d9-ddb5-4fa4-a97d-d965ccfc6d4b" outcome="Passed" testListId="8c84fa94-04c1-424b-9868-57a2d4851a1d" relativeResultsDirectory="232aa217-88e7-4105-b284-a48b30115140" />
    <UnitTestResult executionId="29508681-2cf9-4a7c-a57b-a9f71b0d486e" testId="146ee618-78bc-4fd2-acd4-6ba64c95597d" testName="GetAllUsersAsync_Connected_returns_List_of_3_users" computerName="RKOLEV-PC" duration="00:00:00.0012089" startTime="2021-07-23T08:28:45.7216979-05:00" endTime="2021-07-23T08:28:45.7230225-05:00" testType="13cdc9d9-ddb5-4fa4-a97d-d965ccfc6d4b" outcome="Passed" testListId="8c84fa94-04c1-424b-9868-57a2d4851a1d" relativeResultsDirectory="29508681-2cf9-4a7c-a57b-a9f71b0d486e" />
    <UnitTestResult executionId="6890ddd3-a271-43fb-b2d8-2dd74e9ec8fc" testId="feaf6de1-cb18-45fe-a2a9-7b0179fbceaa" testName="UpdateUsersAsync_Connected_returns_true_and_updates_names_of_users" computerName="RKOLEV-PC" duration="00:00:00.0030885" startTime="2021-07-23T08:28:45.7184421-05:00" endTime="2021-07-23T08:28:45.7216356-05:00" testType="13cdc9d9-ddb5-4fa4-a97d-d965ccfc6d4b" outcome="Passed" testListId="8c84fa94-04c1-424b-9868-57a2d4851a1d" relativeResultsDirectory="6890ddd3-a271-43fb-b2d8-2dd74e9ec8fc" />
    <UnitTestResult executionId="2f1becd7-1676-45f8-a10c-5ed05d4c415f" testId="bc7a6c1c-3cf1-44bc-811d-bab993a9b8be" testName="CalendarProcessorSubjectShouldBeMeetings" computerName="RKOLEV-PC" duration="00:00:00.0023967" startTime="2021-07-23T08:28:45.9702726-05:00" endTime="2021-07-23T08:28:45.9729251-05:00" testType="13cdc9d9-ddb5-4fa4-a97d-d965ccfc6d4b" outcome="Passed" testListId="8c84fa94-04c1-424b-9868-57a2d4851a1d" relativeResultsDirectory="2f1becd7-1676-45f8-a10c-5ed05d4c415f" />
    <UnitTestResult executionId="062a9997-c8af-4240-8c2d-a6ce847c8e71" testId="2a26f030-87f6-40f8-a34a-d0d03fab8b2f" testName="where" computerName="RKOLEV-PC" duration="00:00:00.0000071" startTime="2021-07-23T08:28:46.0555765-05:00" endTime="2021-07-23T08:28:46.0556326-05:00" testType="13cdc9d9-ddb5-4fa4-a97d-d965ccfc6d4b" outcome="Passed" testListId="8c84fa94-04c1-424b-9868-57a2d4851a1d" relativeResultsDirectory="062a9997-c8af-4240-8c2d-a6ce847c8e71" />
    <UnitTestResult executionId="948c9900-ec47-4a56-ae53-b95ac7009ab5" testId="516f9922-6e5e-4e32-bb00-c1a942ebec04" testName="BuildInfoProcessorNameCheck" computerName="RKOLEV-PC" duration="00:00:00.0001861" startTime="2021-07-23T08:28:45.9435376-05:00" endTime="2021-07-23T08:28:45.9438017-05:00" testType="13cdc9d9-ddb5-4fa4-a97d-d965ccfc6d4b" outcome="Passed" testListId="8c84fa94-04c1-424b-9868-57a2d4851a1d" relativeResultsDirectory="948c9900-ec47-4a56-ae53-b95ac7009ab5" />
    <UnitTestResult executionId="801da452-5e7a-46a0-9fda-f5dda12f88a7" testId="b825f13f-a4aa-4289-8192-b6a280dbabc2" testName="NameShouldBeOk" computerName="RKOLEV-PC" duration="00:00:00.0001712" startTime="2021-07-23T08:28:46.6303685-05:00" endTime="2021-07-23T08:28:46.6305990-05:00" testType="13cdc9d9-ddb5-4fa4-a97d-d965ccfc6d4b" outcome="Passed" testListId="8c84fa94-04c1-424b-9868-57a2d4851a1d" relativeResultsDirectory="801da452-5e7a-46a0-9fda-f5dda12f88a7" />
    <UnitTestResult executionId="dbffec40-0618-4dc0-a070-ad73daa09e6a" testId="bdcb3292-c02c-4bc6-8c60-9cbb003c2c74" testName="TableClientService_ShouldQuery" computerName="RKOLEV-PC" duration="00:00:00.0032991" startTime="2021-07-23T08:28:45.7729939-05:00" endTime="2021-07-23T08:28:45.7763672-05:00" testType="13cdc9d9-ddb5-4fa4-a97d-d965ccfc6d4b" outcome="Passed" testListId="8c84fa94-04c1-424b-9868-57a2d4851a1d" relativeResultsDirectory="dbffec40-0618-4dc0-a070-ad73daa09e6a" />
    <UnitTestResult executionId="24115386-4c2f-4fca-a7f4-6a5b87cf8215" testId="0b5178ff-ba55-4090-a1e5-61e977b67321" testName="how" computerName="RKOLEV-PC" duration="00:00:00.0000589" startTime="2021-07-23T08:28:46.0529109-05:00" endTime="2021-07-23T08:28:46.0530699-05:00" testType="13cdc9d9-ddb5-4fa4-a97d-d965ccfc6d4b" outcome="Passed" testListId="8c84fa94-04c1-424b-9868-57a2d4851a1d" relativeResultsDirectory="24115386-4c2f-4fca-a7f4-6a5b87cf8215" />
    <UnitTestResult executionId="5d98fe37-0b4d-42e8-bd9f-693b82185842" testId="f5c5faee-d490-4887-b768-889da51c62c2" testName="PluginAccessorShouldGetPluginGroup" computerName="RKOLEV-PC" duration="00:00:00.0002859" startTime="2021-07-23T08:28:46.4153987-05:00" endTime="2021-07-23T08:28:46.4157548-05:00" testType="13cdc9d9-ddb5-4fa4-a97d-d965ccfc6d4b" outcome="Passed" testListId="8c84fa94-04c1-424b-9868-57a2d4851a1d" relativeResultsDirectory="5d98fe37-0b4d-42e8-bd9f-693b82185842" />
    <UnitTestResult executionId="f8962fb4-333b-41fc-8b60-93ae82c36dc1" testId="7f3645fd-5c5a-4924-8291-ca3f05c56e71" testName="CognitiveService_ProcessShouldInitializeAccessor" computerName="RKOLEV-PC" duration="00:00:00.0026691" startTime="2021-07-23T08:28:45.3307517-05:00" endTime="2021-07-23T08:28:45.3335310-05:00" testType="13cdc9d9-ddb5-4fa4-a97d-d965ccfc6d4b" outcome="Passed" testListId="8c84fa94-04c1-424b-9868-57a2d4851a1d" relativeResultsDirectory="f8962fb4-333b-41fc-8b60-93ae82c36dc1" />
    <UnitTestResult executionId="a18ccbcd-96c5-41de-bea4-063eb4cc825f" testId="c18313e0-4fc8-4ef3-b968-3e4dcd261542" testName="TableClientService_ShouldMergeOrInsertRecord" computerName="RKOLEV-PC" duration="00:00:00.0015591" startTime="2021-07-23T08:28:45.7712953-05:00" endTime="2021-07-23T08:28:45.7729643-05:00" testType="13cdc9d9-ddb5-4fa4-a97d-d965ccfc6d4b" outcome="Passed" testListId="8c84fa94-04c1-424b-9868-57a2d4851a1d" relativeResultsDirectory="a18ccbcd-96c5-41de-bea4-063eb4cc825f" />
    <UnitTestResult executionId="61549ab6-78bc-4b74-ab69-f89ad05422d8" testId="8583c49f-fce1-40aa-bff1-ae6a1687f29d" testName="IssuesProcessorShouldReturnJobInfo" computerName="RKOLEV-PC" duration="00:00:00.0029081" startTime="2021-07-23T08:28:46.0721666-05:00" endTime="2021-07-23T08:28:46.0751955-05:00" testType="13cdc9d9-ddb5-4fa4-a97d-d965ccfc6d4b" outcome="Passed" testListId="8c84fa94-04c1-424b-9868-57a2d4851a1d" relativeResultsDirectory="61549ab6-78bc-4b74-ab69-f89ad05422d8" />
    <UnitTestResult executionId="6c57a42c-53dd-4210-9c31-da15b1b4c521" testId="202dbe13-6b0f-445f-903a-914b3983d5ba" testName="AddOrUpdateUserAsync_NotConnected" computerName="RKOLEV-PC" duration="00:00:00.0010694" startTime="2021-07-23T08:28:45.7113706-05:00" endTime="2021-07-23T08:28:45.7125293-05:00" testType="13cdc9d9-ddb5-4fa4-a97d-d965ccfc6d4b" outcome="Passed" testListId="8c84fa94-04c1-424b-9868-57a2d4851a1d" relativeResultsDirectory="6c57a42c-53dd-4210-9c31-da15b1b4c521" />
    <UnitTestResult executionId="d2eec789-46f5-4a3b-9ab6-94f7bb67055d" testId="9fb5619c-a608-481a-9adf-d20fc65986cf" testName="UserInfoShouldReturnInfoIfNoName" computerName="RKOLEV-PC" duration="00:00:00.0018562" startTime="2021-07-23T08:28:46.6306257-05:00" endTime="2021-07-23T08:28:46.6325602-05:00" testType="13cdc9d9-ddb5-4fa4-a97d-d965ccfc6d4b" outcome="Passed" testListId="8c84fa94-04c1-424b-9868-57a2d4851a1d" relativeResultsDirectory="d2eec789-46f5-4a3b-9ab6-94f7bb67055d" />
    <UnitTestResult executionId="d475b9d6-6a12-405b-b390-4432d175c9b0" testId="73244487-537c-42ad-b045-f493c43de30f" testName="OpenAirProcessor_ShouldReturnNoState" computerName="RKOLEV-PC" duration="00:00:00.0111809" startTime="2021-07-23T08:28:46.2045001-05:00" endTime="2021-07-23T08:28:46.2157906-05:00" testType="13cdc9d9-ddb5-4fa4-a97d-d965ccfc6d4b" outcome="Passed" testListId="8c84fa94-04c1-424b-9868-57a2d4851a1d" relativeResultsDirectory="d475b9d6-6a12-405b-b390-4432d175c9b0" />
    <UnitTestResult executionId="a768894e-822a-4a46-9869-647734334bee" testId="9ea3cb9b-af99-4b55-b81d-22ae40a78bfa" testName="GetMessagesAsync_NotConnected_returns_EmptyList" computerName="RKOLEV-PC" duration="00:00:00.0013678" startTime="2021-07-23T08:28:45.7070802-05:00" endTime="2021-07-23T08:28:45.7085194-05:00" testType="13cdc9d9-ddb5-4fa4-a97d-d965ccfc6d4b" outcome="Passed" testListId="8c84fa94-04c1-424b-9868-57a2d4851a1d" relativeResultsDirectory="a768894e-822a-4a46-9869-647734334bee" />
    <UnitTestResult executionId="505f23d0-9101-41bb-bb81-c04549cfa6b2" testId="50b01d8e-58f8-494d-9a82-b041111fd21b" testName="Document_QueryCallsClient" computerName="RKOLEV-PC" duration="00:00:00.0032773" startTime="2021-07-23T08:28:45.5171253-05:00" endTime="2021-07-23T08:28:45.5205293-05:00" testType="13cdc9d9-ddb5-4fa4-a97d-d965ccfc6d4b" outcome="Passed" testListId="8c84fa94-04c1-424b-9868-57a2d4851a1d" relativeResultsDirectory="505f23d0-9101-41bb-bb81-c04549cfa6b2" />
    <UnitTestResult executionId="c2682185-44b2-4b2a-9519-e704a243d7b7" testId="72fa7c0f-677c-4533-88c9-553bc8c31f1f" testName="StorageService_AddOrUpdateUserAsync" computerName="RKOLEV-PC" duration="00:00:00.0011496" startTime="2021-07-23T08:28:45.6780753-05:00" endTime="2021-07-23T08:28:45.6792964-05:00" testType="13cdc9d9-ddb5-4fa4-a97d-d965ccfc6d4b" outcome="Passed" testListId="8c84fa94-04c1-424b-9868-57a2d4851a1d" relativeResultsDirectory="c2682185-44b2-4b2a-9519-e704a243d7b7" />
    <UnitTestResult executionId="18809aee-b1e7-469c-a263-146a15f2b8fe" testId="601d6fd3-c699-4c58-afba-55d2baa1f9c7" testName="Hi" computerName="RKOLEV-PC" duration="00:00:00.0013294" startTime="2021-07-23T08:28:46.0511110-05:00" endTime="2021-07-23T08:28:46.0525081-05:00" testType="13cdc9d9-ddb5-4fa4-a97d-d965ccfc6d4b" outcome="Passed" testListId="8c84fa94-04c1-424b-9868-57a2d4851a1d" relativeResultsDirectory="18809aee-b1e7-469c-a263-146a15f2b8fe" />
    <UnitTestResult executionId="395f6548-2ea5-45f8-9280-deaf61b63ff6" testId="9a0e4d77-d112-47a4-aafd-04900674801f" testName="OpenAirClientGetAllDepartments_ShouldParseResult" computerName="RKOLEV-PC" duration="00:00:00.0030676" startTime="2021-07-23T08:28:45.8758199-05:00" endTime="2021-07-23T08:28:45.8790114-05:00" testType="13cdc9d9-ddb5-4fa4-a97d-d965ccfc6d4b" outcome="Passed" testListId="8c84fa94-04c1-424b-9868-57a2d4851a1d" relativeResultsDirectory="395f6548-2ea5-45f8-9280-deaf61b63ff6" />
    <UnitTestResult executionId="b93e8dd9-285e-46d6-a309-579a3d6c22d9" testId="122c4fbc-55a1-4d72-80d8-a04e5151f3c3" testName="SavePluginsAsyncShouldClearCache" computerName="RKOLEV-PC" duration="00:00:00.0013753" startTime="2021-07-23T08:28:47.0962109-05:00" endTime="2021-07-23T08:28:47.0977361-05:00" testType="13cdc9d9-ddb5-4fa4-a97d-d965ccfc6d4b" outcome="Passed" testListId="8c84fa94-04c1-424b-9868-57a2d4851a1d" relativeResultsDirectory="b93e8dd9-285e-46d6-a309-579a3d6c22d9" />
    <UnitTestResult executionId="e7ea4e37-a7a2-4004-8de8-d57b6b381df2" testId="70c7b16e-c0a8-4590-a528-1c3cfa836999" testName="ValidateTokenShouldGetUserFromStore" computerName="RKOLEV-PC" duration="00:00:00.0311587" startTime="2021-07-23T08:28:45.5570015-05:00" endTime="2021-07-23T08:28:45.5883279-05:00" testType="13cdc9d9-ddb5-4fa4-a97d-d965ccfc6d4b" outcome="Passed" testListId="8c84fa94-04c1-424b-9868-57a2d4851a1d" relativeResultsDirectory="e7ea4e37-a7a2-4004-8de8-d57b6b381df2" />
    <UnitTestResult executionId="9c09fa6b-2d1d-495b-9ea4-450aa35fecfa" testId="ad973a71-fb82-4c51-9cdc-1c1680dc6740" testName="PluginAccessorShouldShouldGetAllPluginValuesIfSomeIsNull" computerName="RKOLEV-PC" duration="00:00:00.0008101" startTime="2021-07-23T08:28:46.4178741-05:00" endTime="2021-07-23T08:28:46.4187533-05:00" testType="13cdc9d9-ddb5-4fa4-a97d-d965ccfc6d4b" outcome="Passed" testListId="8c84fa94-04c1-424b-9868-57a2d4851a1d" relativeResultsDirectory="9c09fa6b-2d1d-495b-9ea4-450aa35fecfa" />
    <UnitTestResult executionId="f7c355e4-ba93-4080-9db3-17b93a40df0d" testId="c25a4144-90f2-4eff-b863-36f7532ff84d" testName="HelloProcessorSubjectShouldBeHelp" computerName="RKOLEV-PC" duration="00:00:00.0002470" startTime="2021-07-23T08:28:46.0503404-05:00" endTime="2021-07-23T08:28:46.0508070-05:00" testType="13cdc9d9-ddb5-4fa4-a97d-d965ccfc6d4b" outcome="Passed" testListId="8c84fa94-04c1-424b-9868-57a2d4851a1d" relativeResultsDirectory="f7c355e4-ba93-4080-9db3-17b93a40df0d" />
    <UnitTestResult executionId="45f95607-db36-4f0a-bd9a-5a682cc5ebf2" testId="611859aa-da42-4040-b633-68cf28530a30" testName="UpdateUsersAsync_NotConnected_returns_False" computerName="RKOLEV-PC" duration="00:00:00.0012845" startTime="2021-07-23T08:28:45.7001531-05:00" endTime="2021-07-23T08:28:45.7015389-05:00" testType="13cdc9d9-ddb5-4fa4-a97d-d965ccfc6d4b" outcome="Passed" testListId="8c84fa94-04c1-424b-9868-57a2d4851a1d" relativeResultsDirectory="45f95607-db36-4f0a-bd9a-5a682cc5ebf2" />
    <UnitTestResult executionId="6465557a-4acf-44c6-ab64-4703690498e6" testId="10d66ec0-a437-416a-a825-c6eb7e1ed034" testName="Document_AddManyCallsSP" computerName="RKOLEV-PC" duration="00:00:00.0111160" startTime="2021-07-23T08:28:45.5206255-05:00" endTime="2021-07-23T08:28:45.5319168-05:00" testType="13cdc9d9-ddb5-4fa4-a97d-d965ccfc6d4b" outcome="Passed" testListId="8c84fa94-04c1-424b-9868-57a2d4851a1d" relativeResultsDirectory="6465557a-4acf-44c6-ab64-4703690498e6" />
    <UnitTestResult executionId="41a1ec12-274f-4e24-b57d-77603000bf7d" testId="ef765eeb-2eaa-4706-a6b3-e302d5d3d85f" testName="SendScheduledTimesheetShouldSendToSpace" computerName="RKOLEV-PC" duration="00:00:00.0143753" startTime="2021-07-23T08:28:46.5973959-05:00" endTime="2021-07-23T08:28:46.6120324-05:00" testType="13cdc9d9-ddb5-4fa4-a97d-d965ccfc6d4b" outcome="Passed" testListId="8c84fa94-04c1-424b-9868-57a2d4851a1d" relativeResultsDirectory="41a1ec12-274f-4e24-b57d-77603000bf7d" />
    <UnitTestResult executionId="2f9882f8-a455-4c4f-8497-f95c0eae2ca7" testId="9711e888-ab9f-4a21-ba3f-570de43fd95b" testName="GetAllActiveUsersShouldReturnFromContext" computerName="RKOLEV-PC" duration="00:00:00.0031966" startTime="2021-07-23T08:28:45.7230536-05:00" endTime="2021-07-23T08:28:45.7263387-05:00" testType="13cdc9d9-ddb5-4fa4-a97d-d965ccfc6d4b" outcome="Passed" testListId="8c84fa94-04c1-424b-9868-57a2d4851a1d" relativeResultsDirectory="2f9882f8-a455-4c4f-8497-f95c0eae2ca7" />
    <UnitTestResult executionId="4f745ca8-9b06-472d-b608-75f55d852824" testId="171d9c04-b37c-4bf8-a720-f728da38d98d" testName="AddOrUpdatePluginsAsync_Connected_returns_true" computerName="RKOLEV-PC" duration="00:00:00.0016213" startTime="2021-07-23T08:28:45.7411274-05:00" endTime="2021-07-23T08:28:45.7428457-05:00" testType="13cdc9d9-ddb5-4fa4-a97d-d965ccfc6d4b" outcome="Passed" testListId="8c84fa94-04c1-424b-9868-57a2d4851a1d" relativeResultsDirectory="4f745ca8-9b06-472d-b608-75f55d852824" />
    <UnitTestResult executionId="7d61b2a1-1d63-4c7e-902f-f23283b6d13b" testId="f2effe0d-170c-451c-8cf1-608ebea57cc6" testName="HangoutsChatConnector_CreatesMessage" computerName="RKOLEV-PC" duration="00:00:00.0634193" startTime="2021-07-23T08:28:46.9259194-05:00" endTime="2021-07-23T08:28:46.9894980-05:00" testType="13cdc9d9-ddb5-4fa4-a97d-d965ccfc6d4b" outcome="Passed" testListId="8c84fa94-04c1-424b-9868-57a2d4851a1d" relativeResultsDirectory="7d61b2a1-1d63-4c7e-902f-f23283b6d13b" />
    <UnitTestResult executionId="54d3b241-931a-434f-bf68-7ee17d7f4158" testId="f1d6b079-b804-47e7-b200-8968e850dc8a" testName="GetPluginsAsyncShouldCreatePluginsWhenNonInStorage" computerName="RKOLEV-PC" duration="00:00:00.0075706" startTime="2021-07-23T08:28:47.1686951-05:00" endTime="2021-07-23T08:28:47.1763649-05:00" testType="13cdc9d9-ddb5-4fa4-a97d-d965ccfc6d4b" outcome="Passed" testListId="8c84fa94-04c1-424b-9868-57a2d4851a1d" relativeResultsDirectory="54d3b241-931a-434f-bf68-7ee17d7f4158" />
    <UnitTestResult executionId="9b0c9ec2-7b19-4f54-b802-2690cf9abb23" testId="87cf60a1-84f1-4e02-9257-1cd25d9bfefb" testName="OpenAirClientGetCustomers_ShouldParseResult" computerName="RKOLEV-PC" duration="00:00:00.0028742" startTime="2021-07-23T08:28:45.8637813-05:00" endTime="2021-07-23T08:28:45.8667467-05:00" testType="13cdc9d9-ddb5-4fa4-a97d-d965ccfc6d4b" outcome="Passed" testListId="8c84fa94-04c1-424b-9868-57a2d4851a1d" relativeResultsDirectory="9b0c9ec2-7b19-4f54-b802-2690cf9abb23" />
    <UnitTestResult executionId="ce6d54c2-978a-464a-bf83-e453405fdd55" testId="1401728e-1049-4633-8d3e-0c557d7cd845" testName="GetMessagesAsync_Connected_returns_a_list_of_3_messages" computerName="RKOLEV-PC" duration="00:00:00.0008825" startTime="2021-07-23T08:28:45.7376277-05:00" endTime="2021-07-23T08:28:45.7386317-05:00" testType="13cdc9d9-ddb5-4fa4-a97d-d965ccfc6d4b" outcome="Passed" testListId="8c84fa94-04c1-424b-9868-57a2d4851a1d" relativeResultsDirectory="ce6d54c2-978a-464a-bf83-e453405fdd55" />
    <UnitTestResult executionId="bea4dee5-73ff-42f3-99a0-f2442b53628b" testId="bbefb3be-0f2f-4d45-978d-ffafec3459b0" testName="PluginAccessorShouldGetPluginValues" computerName="RKOLEV-PC" duration="00:00:00.0014368" startTime="2021-07-23T08:28:46.4091261-05:00" endTime="2021-07-23T08:28:46.4106283-05:00" testType="13cdc9d9-ddb5-4fa4-a97d-d965ccfc6d4b" outcome="Passed" testListId="8c84fa94-04c1-424b-9868-57a2d4851a1d" relativeResultsDirectory="bea4dee5-73ff-42f3-99a0-f2442b53628b" />
    <UnitTestResult executionId="02c6d7ae-ccf3-4359-ba34-dfb507162699" testId="38e491e3-2c5f-44e2-9d6b-dab5828ec994" testName="BuildInfoProcessorShouldReturnMessageWhenUserDoNotHaveJobs" computerName="RKOLEV-PC" duration="00:00:00.0009335" startTime="2021-07-23T08:28:45.9615748-05:00" endTime="2021-07-23T08:28:45.9626169-05:00" testType="13cdc9d9-ddb5-4fa4-a97d-d965ccfc6d4b" outcome="Passed" testListId="8c84fa94-04c1-424b-9868-57a2d4851a1d" relativeResultsDirectory="02c6d7ae-ccf3-4359-ba34-dfb507162699" />
    <UnitTestResult executionId="75b31f29-7f8f-48d7-a19c-bfbb59109543" testId="90a954ed-559a-4f35-97c3-b119ed5f8497" testName="GetPluginsAsyncShouldErrorWhenRequestedFromUserRole" computerName="RKOLEV-PC" duration="00:00:00.0011517" startTime="2021-07-23T08:28:47.1674110-05:00" endTime="2021-07-23T08:28:47.1686647-05:00" testType="13cdc9d9-ddb5-4fa4-a97d-d965ccfc6d4b" outcome="Passed" testListId="8c84fa94-04c1-424b-9868-57a2d4851a1d" relativeResultsDirectory="75b31f29-7f8f-48d7-a19c-bfbb59109543" />
    <UnitTestResult executionId="27c50475-7fd6-4dc6-a707-de9d5754265b" testId="16be122d-7fb6-4b1f-95c4-66375ee7bd26" testName="OpenAirShouldSyncUsersAndUpdateDepartmentName" computerName="RKOLEV-PC" duration="00:00:00.0032962" startTime="2021-07-23T08:28:45.9377167-05:00" endTime="2021-07-23T08:28:45.9411192-05:00" testType="13cdc9d9-ddb5-4fa4-a97d-d965ccfc6d4b" outcome="Passed" testListId="8c84fa94-04c1-424b-9868-57a2d4851a1d" relativeResultsDirectory="27c50475-7fd6-4dc6-a707-de9d5754265b" />
    <UnitTestResult executionId="dd96efb5-7f15-4518-b695-16b9249c8edf" testId="feff9d67-10ce-4bda-b3a5-c9eb970f5aa5" testName="StorageService_SaveMessageAsync" computerName="RKOLEV-PC" duration="00:00:00.0012419" startTime="2021-07-23T08:28:45.6767061-05:00" endTime="2021-07-23T08:28:45.6780460-05:00" testType="13cdc9d9-ddb5-4fa4-a97d-d965ccfc6d4b" outcome="Passed" testListId="8c84fa94-04c1-424b-9868-57a2d4851a1d" relativeResultsDirectory="dd96efb5-7f15-4518-b695-16b9249c8edf" />
    <UnitTestResult executionId="930f1360-50fe-4e5c-b9d0-e8b02ff50a17" testId="3594359b-77dd-4243-b6ce-7a3d23b307b7" testName="StorageService_GetUsersByIdList" computerName="RKOLEV-PC" duration="00:00:00.0073517" startTime="2021-07-23T08:28:45.6551662-05:00" endTime="2021-07-23T08:28:45.6626376-05:00" testType="13cdc9d9-ddb5-4fa4-a97d-d965ccfc6d4b" outcome="Passed" testListId="8c84fa94-04c1-424b-9868-57a2d4851a1d" relativeResultsDirectory="930f1360-50fe-4e5c-b9d0-e8b02ff50a17" />
    <UnitTestResult executionId="82fd80b2-68a5-499c-a65c-4fe564978bf5" testId="ea960834-aaf4-4caa-9a70-13f10e68f75c" testName="DocumentClient_IsConnectedCanBeFalse" computerName="RKOLEV-PC" duration="00:00:00.0003340" startTime="2021-07-23T08:28:45.4658857-05:00" endTime="2021-07-23T08:28:45.4664561-05:00" testType="13cdc9d9-ddb5-4fa4-a97d-d965ccfc6d4b" outcome="Passed" testListId="8c84fa94-04c1-424b-9868-57a2d4851a1d" relativeResultsDirectory="82fd80b2-68a5-499c-a65c-4fe564978bf5" />
    <UnitTestResult executionId="2c4134d7-f6cc-41ed-891b-fd18b6e253c3" testId="dbc1715d-c60b-4663-b7f0-278c8cd70f48" testName="UserInfoShouldReturnInfoIfNotFound" computerName="RKOLEV-PC" duration="00:00:00.0017742" startTime="2021-07-23T08:28:46.6326001-05:00" endTime="2021-07-23T08:28:46.6344731-05:00" testType="13cdc9d9-ddb5-4fa4-a97d-d965ccfc6d4b" outcome="Passed" testListId="8c84fa94-04c1-424b-9868-57a2d4851a1d" relativeResultsDirectory="2c4134d7-f6cc-41ed-891b-fd18b6e253c3" />
    <UnitTestResult executionId="7510e290-326c-405e-92ff-db33a13d3ea0" testId="eeb91d31-fd54-441f-bb62-a66adc4da205" testName="StorageService_AddOrUpdatePluginsAsyncShouldCallAddOrupdate" computerName="RKOLEV-PC" duration="00:00:00.0047160" startTime="2021-07-23T08:28:45.6718512-05:00" endTime="2021-07-23T08:28:45.6766573-05:00" testType="13cdc9d9-ddb5-4fa4-a97d-d965ccfc6d4b" outcome="Passed" testListId="8c84fa94-04c1-424b-9868-57a2d4851a1d" relativeResultsDirectory="7510e290-326c-405e-92ff-db33a13d3ea0" />
    <UnitTestResult executionId="39cab756-ec24-4de6-8744-e6a68ab0cca3" testId="3800893f-6145-473b-8fcf-1f991f53a62e" testName="CronCheckShouldAllowEom" computerName="RKOLEV-PC" duration="00:00:00.0002075" startTime="2021-07-23T08:28:46.6294899-05:00" endTime="2021-07-23T08:28:46.6297686-05:00" testType="13cdc9d9-ddb5-4fa4-a97d-d965ccfc6d4b" outcome="Passed" testListId="8c84fa94-04c1-424b-9868-57a2d4851a1d" relativeResultsDirectory="39cab756-ec24-4de6-8744-e6a68ab0cca3" />
    <UnitTestResult executionId="655ebfe7-db3a-4f8a-a867-6e739e0ceb12" testId="599f0fd8-3d43-4913-af2d-f78fb8c82285" testName="Test with @mentorbot" computerName="RKOLEV-PC" duration="00:00:00.0000127" startTime="2021-07-23T08:28:46.4320162-05:00" endTime="2021-07-23T08:28:46.4320862-05:00" testType="13cdc9d9-ddb5-4fa4-a97d-d965ccfc6d4b" outcome="Passed" testListId="8c84fa94-04c1-424b-9868-57a2d4851a1d" relativeResultsDirectory="655ebfe7-db3a-4f8a-a867-6e739e0ceb12" />
    <UnitTestResult executionId="9ca05d01-e436-4a19-ba7d-ec44e37737f7" testId="8f49b560-a72a-4eeb-b5ae-5ba3ab2d1bb9" testName="StorageService_UpdateUsers" computerName="RKOLEV-PC" duration="00:00:00.0010882" startTime="2021-07-23T08:28:45.6922576-05:00" endTime="2021-07-23T08:28:45.6934259-05:00" testType="13cdc9d9-ddb5-4fa4-a97d-d965ccfc6d4b" outcome="Passed" testListId="8c84fa94-04c1-424b-9868-57a2d4851a1d" relativeResultsDirectory="9ca05d01-e436-4a19-ba7d-ec44e37737f7" />
    <UnitTestResult executionId="62ac9b9a-433f-49a4-a5fd-73c2f352da8b" testId="b955e7bc-21dc-4d20-bb39-9591a17322ad" testName="SaveUserPropertiesAsyncShouldAllowOnlyAdministrators" computerName="RKOLEV-PC" duration="00:00:00.0010767" startTime="2021-07-23T08:28:47.0977712-05:00" endTime="2021-07-23T08:28:47.0989550-05:00" testType="13cdc9d9-ddb5-4fa4-a97d-d965ccfc6d4b" outcome="Passed" testListId="8c84fa94-04c1-424b-9868-57a2d4851a1d" relativeResultsDirectory="62ac9b9a-433f-49a4-a5fd-73c2f352da8b" />
    <UnitTestResult executionId="908862a8-5059-432e-986c-d1d1e1da6f5a" testId="97ffbf0e-a193-4b78-9e16-15afcc3cb181" testName="GetSettingsShouldUpdateGroups" computerName="RKOLEV-PC" duration="00:00:00.0026961" startTime="2021-07-23T08:28:47.1501285-05:00" endTime="2021-07-23T08:28:47.1529391-05:00" testType="13cdc9d9-ddb5-4fa4-a97d-d965ccfc6d4b" outcome="Passed" testListId="8c84fa94-04c1-424b-9868-57a2d4851a1d" relativeResultsDirectory="908862a8-5059-432e-986c-d1d1e1da6f5a" />
    <UnitTestResult executionId="86c59ff0-f887-4ad4-962c-90c131f3875a" testId="b094bf52-e7d3-4ad4-b9d4-be99860e0da5" testName="GetAllUsersAsync_NotConnected_returns_EmptyList" computerName="RKOLEV-PC" duration="00:00:00.0024696" startTime="2021-07-23T08:28:45.7015675-05:00" endTime="2021-07-23T08:28:45.7041233-05:00" testType="13cdc9d9-ddb5-4fa4-a97d-d965ccfc6d4b" outcome="Passed" testListId="8c84fa94-04c1-424b-9868-57a2d4851a1d" relativeResultsDirectory="86c59ff0-f887-4ad4-962c-90c131f3875a" />
    <UnitTestResult executionId="9e72bfc0-3451-4552-869b-3f10dc634c55" testId="8ff9d7a7-c040-43a5-a445-1a2443effa6d" testName="SavePluginsAsyncShouldAllowOnlyAdministrators" computerName="RKOLEV-PC" duration="00:00:00.0062382" startTime="2021-07-23T08:28:47.0841389-05:00" endTime="2021-07-23T08:28:47.0905023-05:00" testType="13cdc9d9-ddb5-4fa4-a97d-d965ccfc6d4b" outcome="Passed" testListId="8c84fa94-04c1-424b-9868-57a2d4851a1d" relativeResultsDirectory="9e72bfc0-3451-4552-869b-3f10dc634c55" />
    <UnitTestResult executionId="6d00ebff-4b3c-4e8a-a61a-0894b2bf5e65" testId="c1306881-d0ff-4d2a-8198-7aabe05e8580" testName="MailServiceDisposses" computerName="RKOLEV-PC" duration="00:00:00.0003901" startTime="2021-07-23T08:28:45.6230004-05:00" endTime="2021-07-23T08:28:45.6234874-05:00" testType="13cdc9d9-ddb5-4fa4-a97d-d965ccfc6d4b" outcome="Passed" testListId="8c84fa94-04c1-424b-9868-57a2d4851a1d" relativeResultsDirectory="6d00ebff-4b3c-4e8a-a61a-0894b2bf5e65" />
    <UnitTestResult executionId="53116b79-c93a-4019-882b-245a2d26a004" testId="ca5963cc-6949-4268-8144-c0bd6a6ad5d1" testName="JiraClientWhouldCallApi" computerName="RKOLEV-PC" duration="00:00:00.0062303" startTime="2021-07-23T08:28:47.0480320-05:00" endTime="2021-07-23T08:28:47.0545710-05:00" testType="13cdc9d9-ddb5-4fa4-a97d-d965ccfc6d4b" outcome="Passed" testListId="8c84fa94-04c1-424b-9868-57a2d4851a1d" relativeResultsDirectory="53116b79-c93a-4019-882b-245a2d26a004" />
    <UnitTestResult executionId="537ff731-b65c-4875-8a01-ff454b39168a" testId="44213407-f019-46f2-bc68-ca1fd03938e1" testName="GoogleBaseServiceSetup_ShouldSet" computerName="RKOLEV-PC" duration="00:00:00.0117376" startTime="2021-07-23T08:28:46.7561039-05:00" endTime="2021-07-23T08:28:46.7679612-05:00" testType="13cdc9d9-ddb5-4fa4-a97d-d965ccfc6d4b" outcome="Passed" testListId="8c84fa94-04c1-424b-9868-57a2d4851a1d" relativeResultsDirectory="537ff731-b65c-4875-8a01-ff454b39168a" />
    <UnitTestResult executionId="f790ed7c-53be-48d1-a020-2fe502750bf1" testId="b09d1777-0ce5-448f-aa3d-7964226831c2" testName="Time in FLE" computerName="RKOLEV-PC" duration="00:00:00.0003018" startTime="2021-07-23T08:28:46.1980632-05:00" endTime="2021-07-23T08:28:46.1984766-05:00" testType="13cdc9d9-ddb5-4fa4-a97d-d965ccfc6d4b" outcome="Passed" testListId="8c84fa94-04c1-424b-9868-57a2d4851a1d" relativeResultsDirectory="f790ed7c-53be-48d1-a020-2fe502750bf1" />
    <UnitTestResult executionId="6524c116-0525-44b0-bee4-853cbeef921b" testId="72be9092-506f-4359-bbcc-dcb595b36553" testName="GoogleServiceAccountCredential_ShouldHaveAppName" computerName="RKOLEV-PC" duration="00:00:00.0001728" startTime="2021-07-23T08:28:46.9238439-05:00" endTime="2021-07-23T08:28:46.9240922-05:00" testType="13cdc9d9-ddb5-4fa4-a97d-d965ccfc6d4b" outcome="Passed" testListId="8c84fa94-04c1-424b-9868-57a2d4851a1d" relativeResultsDirectory="6524c116-0525-44b0-bee4-853cbeef921b" />
    <UnitTestResult executionId="d6d917cb-ba48-477f-a30c-40ff8c8c1a29" testId="f50757ba-6597-461b-aa7e-9a53f24f91d4" testName="CreateInitializer_InitsByApiKay" computerName="RKOLEV-PC" duration="00:00:00.0046907" startTime="2021-07-23T08:28:46.7511199-05:00" endTime="2021-07-23T08:28:46.7560414-05:00" testType="13cdc9d9-ddb5-4fa4-a97d-d965ccfc6d4b" outcome="Passed" testListId="8c84fa94-04c1-424b-9868-57a2d4851a1d" relativeResultsDirectory="d6d917cb-ba48-477f-a30c-40ff8c8c1a29" />
    <UnitTestResult executionId="cb88d75a-9d70-44c6-9488-bce4f5f6dd91" testId="886c267b-17f0-4e37-8b21-df979225a326" testName="WhenCommandConfidenceRatingLowReturnMessageAsync" computerName="RKOLEV-PC" duration="00:00:00.0009565" startTime="2021-07-23T08:28:45.6095115-05:00" endTime="2021-07-23T08:28:45.6105994-05:00" testType="13cdc9d9-ddb5-4fa4-a97d-d965ccfc6d4b" outcome="Passed" testListId="8c84fa94-04c1-424b-9868-57a2d4851a1d" relativeResultsDirectory="cb88d75a-9d70-44c6-9488-bce4f5f6dd91" />
    <UnitTestResult executionId="16b50e64-8a80-4046-9073-94e09eebf090" testId="bed6701f-bced-494b-aa94-ec63fae46d60" testName="GetUsersShouldQueryActiveUsers" computerName="RKOLEV-PC" duration="00:00:00.0030702" startTime="2021-07-23T08:28:47.1626306-05:00" endTime="2021-07-23T08:28:47.1658156-05:00" testType="13cdc9d9-ddb5-4fa4-a97d-d965ccfc6d4b" outcome="Passed" testListId="8c84fa94-04c1-424b-9868-57a2d4851a1d" relativeResultsDirectory="16b50e64-8a80-4046-9073-94e09eebf090" />
    <UnitTestResult executionId="84cd8d7d-1551-4de2-9c0a-f3d75047dd2b" testId="9f478ab7-342a-4b97-a2b8-611e7ca71656" testName="CognitiveService_ProcessShouldReturnActiveProcessor" computerName="RKOLEV-PC" duration="00:00:00.1646644" startTime="2021-07-23T08:28:45.1498823-05:00" endTime="2021-07-23T08:28:45.3147392-05:00" testType="13cdc9d9-ddb5-4fa4-a97d-d965ccfc6d4b" outcome="Passed" testListId="8c84fa94-04c1-424b-9868-57a2d4851a1d" relativeResultsDirectory="84cd8d7d-1551-4de2-9c0a-f3d75047dd2b" />
    <UnitTestResult executionId="b38a0a92-ea47-4078-a7e4-800469f1494a" testId="ce5d032a-955c-49c2-8ae9-c85fd549b4e9" testName="HangoutsChatConnector_GetAddress" computerName="RKOLEV-PC" duration="00:00:00.0017791" startTime="2021-07-23T08:28:47.0350850-05:00" endTime="2021-07-23T08:28:47.0369762-05:00" testType="13cdc9d9-ddb5-4fa4-a97d-d965ccfc6d4b" outcome="Passed" testListId="8c84fa94-04c1-424b-9868-57a2d4851a1d" relativeResultsDirectory="b38a0a92-ea47-4078-a7e4-800469f1494a" />
    <UnitTestResult executionId="be157532-2975-4e08-ba18-7e9abbf6a78d" testId="9337a74b-122f-4959-b187-b0ae21e3e44c" testName="OpenAirClientCustomer_ShouldBeSet" computerName="RKOLEV-PC" duration="00:00:00.0005804" startTime="2021-07-23T08:28:45.7835500-05:00" endTime="2021-07-23T08:28:45.7841985-05:00" testType="13cdc9d9-ddb5-4fa4-a97d-d965ccfc6d4b" outcome="Passed" testListId="8c84fa94-04c1-424b-9868-57a2d4851a1d" relativeResultsDirectory="be157532-2975-4e08-ba18-7e9abbf6a78d" />
    <UnitTestResult executionId="479bb78c-7743-4181-8c81-72cb322feaca" testId="67047021-bc20-4fc6-bae7-5fa236cbf60f" testName="SavePluginsAsyncShouldSaveInStorage" computerName="RKOLEV-PC" duration="00:00:00.0054249" startTime="2021-07-23T08:28:47.0905820-05:00" endTime="2021-07-23T08:28:47.0961558-05:00" testType="13cdc9d9-ddb5-4fa4-a97d-d965ccfc6d4b" outcome="Passed" testListId="8c84fa94-04c1-424b-9868-57a2d4851a1d" relativeResultsDirectory="479bb78c-7743-4181-8c81-72cb322feaca" />
    <UnitTestResult executionId="20616819-2f0a-49e5-84bd-993f1fb99277" testId="1e57300a-1504-49ae-a9a3-8082e5c98f58" testName="AddOrUpdatePluginsAsync_NotConnected_returns_False" computerName="RKOLEV-PC" duration="00:00:00.0013039" startTime="2021-07-23T08:28:45.7140057-05:00" endTime="2021-07-23T08:28:45.7153906-05:00" testType="13cdc9d9-ddb5-4fa4-a97d-d965ccfc6d4b" outcome="Passed" testListId="8c84fa94-04c1-424b-9868-57a2d4851a1d" relativeResultsDirectory="20616819-2f0a-49e5-84bd-993f1fb99277" />
    <UnitTestResult executionId="dcc8b501-3e89-489a-9697-6947e567f692" testId="d140d907-ec18-4c93-a23e-508763be64ec" testName="AddUsersAsync_Connected_stores_3_users" computerName="RKOLEV-PC" duration="00:00:00.0028854" startTime="2021-07-23T08:28:45.7154225-05:00" endTime="2021-07-23T08:28:45.7184010-05:00" testType="13cdc9d9-ddb5-4fa4-a97d-d965ccfc6d4b" outcome="Passed" testListId="8c84fa94-04c1-424b-9868-57a2d4851a1d" relativeResultsDirectory="dcc8b501-3e89-489a-9697-6947e567f692" />
    <UnitTestResult executionId="cc5a54ec-40e9-4bdf-ac63-ee86c94a78d9" testId="e4a4d620-f34f-46fb-878b-470c11ab03d8" testName="HttpRequestHeadersBasicAuthentication" computerName="RKOLEV-PC" duration="00:00:00.0125200" startTime="2021-07-23T08:28:45.0009309-05:00" endTime="2021-07-23T08:28:45.0306000-05:00" testType="13cdc9d9-ddb5-4fa4-a97d-d965ccfc6d4b" outcome="Passed" testListId="8c84fa94-04c1-424b-9868-57a2d4851a1d" relativeResultsDirectory="cc5a54ec-40e9-4bdf-ac63-ee86c94a78d9" />
    <UnitTestResult executionId="d9116f70-bc2b-446b-a688-e127dee8647b" testId="ae10eca9-7138-46e6-9a82-54930f4c2c6e" testName="Time in Moscow" computerName="RKOLEV-PC" duration="00:00:00.0004341" startTime="2021-07-23T08:28:46.1985219-05:00" endTime="2021-07-23T08:28:46.1990135-05:00" testType="13cdc9d9-ddb5-4fa4-a97d-d965ccfc6d4b" outcome="Passed" testListId="8c84fa94-04c1-424b-9868-57a2d4851a1d" relativeResultsDirectory="d9116f70-bc2b-446b-a688-e127dee8647b" />
    <UnitTestResult executionId="caea4acd-6828-429b-a39f-1e294d4a41da" testId="315b1d54-da5b-4894-a440-9d9e680cbb76" testName="RunShouldSaveInDb" computerName="RKOLEV-PC" duration="00:00:00.0017446" startTime="2021-07-23T08:28:47.1338015-05:00" endTime="2021-07-23T08:28:47.1356657-05:00" testType="13cdc9d9-ddb5-4fa4-a97d-d965ccfc6d4b" outcome="Passed" testListId="8c84fa94-04c1-424b-9868-57a2d4851a1d" relativeResultsDirectory="caea4acd-6828-429b-a39f-1e294d4a41da">
      <Output>
        <StdOut>Debug Trace:
Substitute.HttpRequestData|0071ab69</StdOut>
      </Output>
    </UnitTestResult>
    <UnitTestResult executionId="88340071-cf0f-48ff-a683-f524551844b1" testId="7eb2d65a-478e-4537-a19c-5f4303c8d372" testName="TableClientService_NotConnectedMergeDoNothing" computerName="RKOLEV-PC" duration="00:00:00.0004455" startTime="2021-07-23T08:28:45.7811122-05:00" endTime="2021-07-23T08:28:45.7816293-05:00" testType="13cdc9d9-ddb5-4fa4-a97d-d965ccfc6d4b" outcome="Passed" testListId="8c84fa94-04c1-424b-9868-57a2d4851a1d" relativeResultsDirectory="88340071-cf0f-48ff-a683-f524551844b1" />
    <UnitTestResult executionId="09f80feb-05ac-4fdf-8f56-0b6feed6cda6" testId="629ebcbb-d289-43db-ac37-907e7dd10c69" testName="RepeatProcessorSubjectShouldBeRepeat" computerName="RKOLEV-PC" duration="00:00:00.0001691" startTime="2021-07-23T08:28:46.4322193-05:00" endTime="2021-07-23T08:28:46.4324692-05:00" testType="13cdc9d9-ddb5-4fa4-a97d-d965ccfc6d4b" outcome="Passed" testListId="8c84fa94-04c1-424b-9868-57a2d4851a1d" relativeResultsDirectory="09f80feb-05ac-4fdf-8f56-0b6feed6cda6" />
    <UnitTestResult executionId="1552f6be-b7e5-43ad-86af-230b4c78c7d3" testId="a55ce4b5-58b0-44f3-b661-85c6fe46dd18" testName="IsManagerWithManagerTheSameUserShouldBeOk" computerName="RKOLEV-PC" duration="00:00:00.0017358" startTime="2021-07-23T08:28:45.0378147-05:00" endTime="2021-07-23T08:28:45.0398725-05:00" testType="13cdc9d9-ddb5-4fa4-a97d-d965ccfc6d4b" outcome="Passed" testListId="8c84fa94-04c1-424b-9868-57a2d4851a1d" relativeResultsDirectory="1552f6be-b7e5-43ad-86af-230b4c78c7d3" />
    <UnitTestResult executionId="6b3a8a57-fd36-41ca-b9a3-5acf4e79fc61" testId="b4d2e2e3-f7eb-42fc-b72f-f6336608e566" testName="WhenNoCommandReturnMessageAsync" computerName="RKOLEV-PC" duration="00:00:00.0110160" startTime="2021-07-23T08:28:45.5981404-05:00" endTime="2021-07-23T08:28:45.6094275-05:00" testType="13cdc9d9-ddb5-4fa4-a97d-d965ccfc6d4b" outcome="Passed" testListId="8c84fa94-04c1-424b-9868-57a2d4851a1d" relativeResultsDirectory="6b3a8a57-fd36-41ca-b9a3-5acf4e79fc61" />
    <UnitTestResult executionId="c3a8c6e3-4b0b-48cc-a872-458b7e2f6f38" testId="7df9f5d3-843e-496b-bfad-d09be7a0e785" testName="next meeting" computerName="RKOLEV-PC" duration="00:00:00.0644375" startTime="2021-07-23T08:28:45.9757888-05:00" endTime="2021-07-23T08:28:46.0422951-05:00" testType="13cdc9d9-ddb5-4fa4-a97d-d965ccfc6d4b" outcome="Passed" testListId="8c84fa94-04c1-424b-9868-57a2d4851a1d" relativeResultsDirectory="c3a8c6e3-4b0b-48cc-a872-458b7e2f6f38" />
    <UnitTestResult executionId="105c17fb-c910-4e21-9e46-e3a827efdcef" testId="c5aac9af-c503-44a4-814a-7547047ee662" testName="GetTimesheettatisticsAsyncShouldQueryDocument" computerName="RKOLEV-PC" duration="00:00:00.0175675" startTime="2021-07-23T08:28:47.1764204-05:00" endTime="2021-07-23T08:28:47.1941073-05:00" testType="13cdc9d9-ddb5-4fa4-a97d-d965ccfc6d4b" outcome="Passed" testListId="8c84fa94-04c1-424b-9868-57a2d4851a1d" relativeResultsDirectory="105c17fb-c910-4e21-9e46-e3a827efdcef" />
    <UnitTestResult executionId="22ab347a-2ccb-4393-9220-c61305f1157b" testId="839e30a9-bb0d-41b3-b1bb-7f6f37845ae3" testName="ValidateTokenShouldCheckTokenSchema" computerName="RKOLEV-PC" duration="00:00:00.0222126" startTime="2021-07-23T08:28:45.5344537-05:00" endTime="2021-07-23T08:28:45.5569127-05:00" testType="13cdc9d9-ddb5-4fa4-a97d-d965ccfc6d4b" outcome="Passed" testListId="8c84fa94-04c1-424b-9868-57a2d4851a1d" relativeResultsDirectory="22ab347a-2ccb-4393-9220-c61305f1157b" />
    <UnitTestResult executionId="b10564b1-b38f-400a-9761-b1b546b0d31d" testId="8091f9d3-abc6-4790-8f8d-aef4e6f751cf" testName="WhenAskedItShouldRepeatAsync" computerName="RKOLEV-PC" duration="00:00:00.1616554" startTime="2021-07-23T08:28:46.4355415-05:00" endTime="2021-07-23T08:28:46.5973290-05:00" testType="13cdc9d9-ddb5-4fa4-a97d-d965ccfc6d4b" outcome="Passed" testListId="8c84fa94-04c1-424b-9868-57a2d4851a1d" relativeResultsDirectory="b10564b1-b38f-400a-9761-b1b546b0d31d" />
    <UnitTestResult executionId="04442663-a49e-48ae-915a-e47817741359" testId="a7667892-3f80-4ab8-912b-483c7c0a992d" testName="RunShouldCallService" computerName="RKOLEV-PC" duration="00:00:00.0182991" startTime="2021-07-23T08:28:47.1152886-05:00" endTime="2021-07-23T08:28:47.1337218-05:00" testType="13cdc9d9-ddb5-4fa4-a97d-d965ccfc6d4b" outcome="Passed" testListId="8c84fa94-04c1-424b-9868-57a2d4851a1d" relativeResultsDirectory="04442663-a49e-48ae-915a-e47817741359">
      <Output>
        <StdOut>Debug Trace:
Substitute.HttpRequestData|030aa79d</StdOut>
      </Output>
    </UnitTestResult>
[...]
    <TestEntry testId="1285708d-22a6-4b47-b8b9-eee2c5dc89fa" executionId="e0de3a41-20bb-43f6-9cbe-fffcb3f5eb6c" testListId="8c84fa94-04c1-424b-9868-57a2d4851a1d" />
    <TestEntry testId="b8e00bd8-4cc1-4499-b86d-0b3079f871d7" executionId="d6b599e5-cbb0-4a5f-a5c5-faf98bb22326" testListId="8c84fa94-04c1-424b-9868-57a2d4851a1d" />
    <TestEntry testId="878a4543-e145-4c7d-8052-f5b5c1e6e1f8" executionId="99c1a0df-8151-44a5-85ed-f3d68505c2ce" testListId="8c84fa94-04c1-424b-9868-57a2d4851a1d" />
    <TestEntry testId="8a7ceb2a-cb2b-4b93-91d1-6090ad85afb9" executionId="ca1fe169-e37c-4b02-b872-7cf4eff9404d" testListId="8c84fa94-04c1-424b-9868-57a2d4851a1d" />
    <TestEntry testId="19fa738a-07f2-47f6-8d86-d6c492d98cc0" executionId="d2af1bc2-0395-42e0-b644-ea20b4a899f7" testListId="8c84fa94-04c1-424b-9868-57a2d4851a1d" />
    <TestEntry testId="6f401637-caf1-4b91-8950-0d16a8262930" executionId="72e77e25-0f4a-48c2-b8ce-6e6fc435bca1" testListId="8c84fa94-04c1-424b-9868-57a2d4851a1d" />
    <TestEntry testId="3e6794a5-5ce6-434f-b00f-46f76b0d7a5b" executionId="dfd547a0-b2a6-42c1-b094-8429830eeb95" testListId="8c84fa94-04c1-424b-9868-57a2d4851a1d" />
    <TestEntry testId="6466ad3b-c5d0-407e-91fa-52e167e917ac" executionId="7a92a790-5fe5-46ea-b9df-1123e67ef0f7" testListId="8c84fa94-04c1-424b-9868-57a2d4851a1d" />
    <TestEntry testId="a6c23ccb-43ea-428a-a57a-877403bb8233" executionId="fecad03e-8118-4b80-bef7-37b62b212a75" testListId="8c84fa94-04c1-424b-9868-57a2d4851a1d" />
    <TestEntry testId="1909c8c7-0981-49d6-a68f-71f392bcc245" executionId="f3fcd18e-618a-4cf0-b451-4e6113eca2d4" testListId="8c84fa94-04c1-424b-9868-57a2d4851a1d" />
    <TestEntry testId="db306096-6a81-4f03-9ce8-f5bc1d26fc32" executionId="904cda6d-8b5b-4e4c-b8a6-ac8e99fc8071" testListId="8c84fa94-04c1-424b-9868-57a2d4851a1d" />
    <TestEntry testId="0cbd99d0-79ce-4ef6-aef8-d3cf02414249" executionId="e6b12ac1-d2dd-4d73-a632-adcb8e970101" testListId="8c84fa94-04c1-424b-9868-57a2d4851a1d" />
    <TestEntry testId="60b74804-0bfb-4843-b653-1e2c713ff681" executionId="ea3c227e-381e-4233-9e3b-790a137a4cac" testListId="8c84fa94-04c1-424b-9868-57a2d4851a1d" />
    <TestEntry testId="b2fb8a15-2609-4e1a-9b31-5dab8e5bd34b" executionId="19e31027-bc06-4577-b1dd-0db96cb6f12d" testListId="8c84fa94-04c1-424b-9868-57a2d4851a1d" />
    <TestEntry testId="f6e95444-a71c-4be1-b7af-20a768035f0f" executionId="d751ee8c-733c-436e-a6b7-45482398be77" testListId="8c84fa94-04c1-424b-9868-57a2d4851a1d" />
    <TestEntry testId="824fd407-bb64-4350-be66-9c50762f5be5" executionId="b99ba28f-09b6-4424-a4ef-5e50664f89ac" testListId="8c84fa94-04c1-424b-9868-57a2d4851a1d" />
    <TestEntry testId="17201979-4964-415c-95c6-1fa183527a08" executionId="233494d3-1eeb-4a3b-9f61-c9702fff41ce" testListId="8c84fa94-04c1-424b-9868-57a2d4851a1d" />
    <TestEntry testId="87623adc-65a9-4fed-893a-f978f59b2dbe" executionId="232aa217-88e7-4105-b284-a48b30115140" testListId="8c84fa94-04c1-424b-9868-57a2d4851a1d" />
    <TestEntry testId="146ee618-78bc-4fd2-acd4-6ba64c95597d" executionId="29508681-2cf9-4a7c-a57b-a9f71b0d486e" testListId="8c84fa94-04c1-424b-9868-57a2d4851a1d" />
    <TestEntry testId="feaf6de1-cb18-45fe-a2a9-7b0179fbceaa" executionId="6890ddd3-a271-43fb-b2d8-2dd74e9ec8fc" testListId="8c84fa94-04c1-424b-9868-57a2d4851a1d" />
    <TestEntry testId="bc7a6c1c-3cf1-44bc-811d-bab993a9b8be" executionId="2f1becd7-1676-45f8-a10c-5ed05d4c415f" testListId="8c84fa94-04c1-424b-9868-57a2d4851a1d" />
    <TestEntry testId="2a26f030-87f6-40f8-a34a-d0d03fab8b2f" executionId="062a9997-c8af-4240-8c2d-a6ce847c8e71" testListId="8c84fa94-04c1-424b-9868-57a2d4851a1d" />
    <TestEntry testId="516f9922-6e5e-4e32-bb00-c1a942ebec04" executionId="948c9900-ec47-4a56-ae53-b95ac7009ab5" testListId="8c84fa94-04c1-424b-9868-57a2d4851a1d" />
    <TestEntry testId="b825f13f-a4aa-4289-8192-b6a280dbabc2" executionId="801da452-5e7a-46a0-9fda-f5dda12f88a7" testListId="8c84fa94-04c1-424b-9868-57a2d4851a1d" />
    <TestEntry testId="bdcb3292-c02c-4bc6-8c60-9cbb003c2c74" executionId="dbffec40-0618-4dc0-a070-ad73daa09e6a" testListId="8c84fa94-04c1-424b-9868-57a2d4851a1d" />
    <TestEntry testId="0b5178ff-ba55-4090-a1e5-61e977b67321" executionId="24115386-4c2f-4fca-a7f4-6a5b87cf8215" testListId="8c84fa94-04c1-424b-9868-57a2d4851a1d" />
    <TestEntry testId="f5c5faee-d490-4887-b768-889da51c62c2" executionId="5d98fe37-0b4d-42e8-bd9f-693b82185842" testListId="8c84fa94-04c1-424b-9868-57a2d4851a1d" />
    <TestEntry testId="7f3645fd-5c5a-4924-8291-ca3f05c56e71" executionId="f8962fb4-333b-41fc-8b60-93ae82c36dc1" testListId="8c84fa94-04c1-424b-9868-57a2d4851a1d" />
    <TestEntry testId="c18313e0-4fc8-4ef3-b968-3e4dcd261542" executionId="a18ccbcd-96c5-41de-bea4-063eb4cc825f" testListId="8c84fa94-04c1-424b-9868-57a2d4851a1d" />
    <TestEntry testId="8583c49f-fce1-40aa-bff1-ae6a1687f29d" executionId="61549ab6-78bc-4b74-ab69-f89ad05422d8" testListId="8c84fa94-04c1-424b-9868-57a2d4851a1d" />
    <TestEntry testId="202dbe13-6b0f-445f-903a-914b3983d5ba" executionId="6c57a42c-53dd-4210-9c31-da15b1b4c521" testListId="8c84fa94-04c1-424b-9868-57a2d4851a1d" />
    <TestEntry testId="9fb5619c-a608-481a-9adf-d20fc65986cf" executionId="d2eec789-46f5-4a3b-9ab6-94f7bb67055d" testListId="8c84fa94-04c1-424b-9868-57a2d4851a1d" />
    <TestEntry testId="73244487-537c-42ad-b045-f493c43de30f" executionId="d475b9d6-6a12-405b-b390-4432d175c9b0" testListId="8c84fa94-04c1-424b-9868-57a2d4851a1d" />
    <TestEntry testId="9ea3cb9b-af99-4b55-b81d-22ae40a78bfa" executionId="a768894e-822a-4a46-9869-647734334bee" testListId="8c84fa94-04c1-424b-9868-57a2d4851a1d" />
    <TestEntry testId="50b01d8e-58f8-494d-9a82-b041111fd21b" executionId="505f23d0-9101-41bb-bb81-c04549cfa6b2" testListId="8c84fa94-04c1-424b-9868-57a2d4851a1d" />
    <TestEntry testId="72fa7c0f-677c-4533-88c9-553bc8c31f1f" executionId="c2682185-44b2-4b2a-9519-e704a243d7b7" testListId="8c84fa94-04c1-424b-9868-57a2d4851a1d" />
    <TestEntry testId="601d6fd3-c699-4c58-afba-55d2baa1f9c7" executionId="18809aee-b1e7-469c-a263-146a15f2b8fe" testListId="8c84fa94-04c1-424b-9868-57a2d4851a1d" />
    <TestEntry testId="9a0e4d77-d112-47a4-aafd-04900674801f" executionId="395f6548-2ea5-45f8-9280-deaf61b63ff6" testListId="8c84fa94-04c1-424b-9868-57a2d4851a1d" />
    <TestEntry testId="122c4fbc-55a1-4d72-80d8-a04e5151f3c3" executionId="b93e8dd9-285e-46d6-a309-579a3d6c22d9" testListId="8c84fa94-04c1-424b-9868-57a2d4851a1d" />
    <TestEntry testId="70c7b16e-c0a8-4590-a528-1c3cfa836999" executionId="e7ea4e37-a7a2-4004-8de8-d57b6b381df2" testListId="8c84fa94-04c1-424b-9868-57a2d4851a1d" />
    <TestEntry testId="ad973a71-fb82-4c51-9cdc-1c1680dc6740" executionId="9c09fa6b-2d1d-495b-9ea4-450aa35fecfa" testListId="8c84fa94-04c1-424b-9868-57a2d4851a1d" />
    <TestEntry testId="c25a4144-90f2-4eff-b863-36f7532ff84d" executionId="f7c355e4-ba93-4080-9db3-17b93a40df0d" testListId="8c84fa94-04c1-424b-9868-57a2d4851a1d" />
    <TestEntry testId="611859aa-da42-4040-b633-68cf28530a30" executionId="45f95607-db36-4f0a-bd9a-5a682cc5ebf2" testListId="8c84fa94-04c1-424b-9868-57a2d4851a1d" />
    <TestEntry testId="10d66ec0-a437-416a-a825-c6eb7e1ed034" executionId="6465557a-4acf-44c6-ab64-4703690498e6" testListId="8c84fa94-04c1-424b-9868-57a2d4851a1d" />
    <TestEntry testId="ef765eeb-2eaa-4706-a6b3-e302d5d3d85f" executionId="41a1ec12-274f-4e24-b57d-77603000bf7d" testListId="8c84fa94-04c1-424b-9868-57a2d4851a1d" />
    <TestEntry testId="9711e888-ab9f-4a21-ba3f-570de43fd95b" executionId="2f9882f8-a455-4c4f-8497-f95c0eae2ca7" testListId="8c84fa94-04c1-424b-9868-57a2d4851a1d" />
    <TestEntry testId="171d9c04-b37c-4bf8-a720-f728da38d98d" executionId="4f745ca8-9b06-472d-b608-75f55d852824" testListId="8c84fa94-04c1-424b-9868-57a2d4851a1d" />
    <TestEntry testId="f2effe0d-170c-451c-8cf1-608ebea57cc6" executionId="7d61b2a1-1d63-4c7e-902f-f23283b6d13b" testListId="8c84fa94-04c1-424b-9868-57a2d4851a1d" />
    <TestEntry testId="f1d6b079-b804-47e7-b200-8968e850dc8a" executionId="54d3b241-931a-434f-bf68-7ee17d7f4158" testListId="8c84fa94-04c1-424b-9868-57a2d4851a1d" />
    <TestEntry testId="87cf60a1-84f1-4e02-9257-1cd25d9bfefb" executionId="9b0c9ec2-7b19-4f54-b802-2690cf9abb23" testListId="8c84fa94-04c1-424b-9868-57a2d4851a1d" />
    <TestEntry testId="1401728e-1049-4633-8d3e-0c557d7cd845" executionId="ce6d54c2-978a-464a-bf83-e453405fdd55" testListId="8c84fa94-04c1-424b-9868-57a2d4851a1d" />
    <TestEntry testId="bbefb3be-0f2f-4d45-978d-ffafec3459b0" executionId="bea4dee5-73ff-42f3-99a0-f2442b53628b" testListId="8c84fa94-04c1-424b-9868-57a2d4851a1d" />
    <TestEntry testId="38e491e3-2c5f-44e2-9d6b-dab5828ec994" executionId="02c6d7ae-ccf3-4359-ba34-dfb507162699" testListId="8c84fa94-04c1-424b-9868-57a2d4851a1d" />
    <TestEntry testId="90a954ed-559a-4f35-97c3-b119ed5f8497" executionId="75b31f29-7f8f-48d7-a19c-bfbb59109543" testListId="8c84fa94-04c1-424b-9868-57a2d4851a1d" />
    <TestEntry testId="16be122d-7fb6-4b1f-95c4-66375ee7bd26" executionId="27c50475-7fd6-4dc6-a707-de9d5754265b" testListId="8c84fa94-04c1-424b-9868-57a2d4851a1d" />
    <TestEntry testId="feff9d67-10ce-4bda-b3a5-c9eb970f5aa5" executionId="dd96efb5-7f15-4518-b695-16b9249c8edf" testListId="8c84fa94-04c1-424b-9868-57a2d4851a1d" />
    <TestEntry testId="3594359b-77dd-4243-b6ce-7a3d23b307b7" executionId="930f1360-50fe-4e5c-b9d0-e8b02ff50a17" testListId="8c84fa94-04c1-424b-9868-57a2d4851a1d" />
    <TestEntry testId="ea960834-aaf4-4caa-9a70-13f10e68f75c" executionId="82fd80b2-68a5-499c-a65c-4fe564978bf5" testListId="8c84fa94-04c1-424b-9868-57a2d4851a1d" />
    <TestEntry testId="dbc1715d-c60b-4663-b7f0-278c8cd70f48" executionId="2c4134d7-f6cc-41ed-891b-fd18b6e253c3" testListId="8c84fa94-04c1-424b-9868-57a2d4851a1d" />
    <TestEntry testId="eeb91d31-fd54-441f-bb62-a66adc4da205" executionId="7510e290-326c-405e-92ff-db33a13d3ea0" testListId="8c84fa94-04c1-424b-9868-57a2d4851a1d" />
    <TestEntry testId="3800893f-6145-473b-8fcf-1f991f53a62e" executionId="39cab756-ec24-4de6-8744-e6a68ab0cca3" testListId="8c84fa94-04c1-424b-9868-57a2d4851a1d" />
    <TestEntry testId="599f0fd8-3d43-4913-af2d-f78fb8c82285" executionId="655ebfe7-db3a-4f8a-a867-6e739e0ceb12" testListId="8c84fa94-04c1-424b-9868-57a2d4851a1d" />
    <TestEntry testId="8f49b560-a72a-4eeb-b5ae-5ba3ab2d1bb9" executionId="9ca05d01-e436-4a19-ba7d-ec44e37737f7" testListId="8c84fa94-04c1-424b-9868-57a2d4851a1d" />
    <TestEntry testId="b955e7bc-21dc-4d20-bb39-9591a17322ad" executionId="62ac9b9a-433f-49a4-a5fd-73c2f352da8b" testListId="8c84fa94-04c1-424b-9868-57a2d4851a1d" />
    <TestEntry testId="97ffbf0e-a193-4b78-9e16-15afcc3cb181" executionId="908862a8-5059-432e-986c-d1d1e1da6f5a" testListId="8c84fa94-04c1-424b-9868-57a2d4851a1d" />
    <TestEntry testId="b094bf52-e7d3-4ad4-b9d4-be99860e0da5" executionId="86c59ff0-f887-4ad4-962c-90c131f3875a" testListId="8c84fa94-04c1-424b-9868-57a2d4851a1d" />
    <TestEntry testId="8ff9d7a7-c040-43a5-a445-1a2443effa6d" executionId="9e72bfc0-3451-4552-869b-3f10dc634c55" testListId="8c84fa94-04c1-424b-9868-57a2d4851a1d" />
    <TestEntry testId="c1306881-d0ff-4d2a-8198-7aabe05e8580" executionId="6d00ebff-4b3c-4e8a-a61a-0894b2bf5e65" testListId="8c84fa94-04c1-424b-9868-57a2d4851a1d" />
    <TestEntry testId="ca5963cc-6949-4268-8144-c0bd6a6ad5d1" executionId="53116b79-c93a-4019-882b-245a2d26a004" testListId="8c84fa94-04c1-424b-9868-57a2d4851a1d" />
    <TestEntry testId="44213407-f019-46f2-bc68-ca1fd03938e1" executionId="537ff731-b65c-4875-8a01-ff454b39168a" testListId="8c84fa94-04c1-424b-9868-57a2d4851a1d" />
    <TestEntry testId="b09d1777-0ce5-448f-aa3d-7964226831c2" executionId="f790ed7c-53be-48d1-a020-2fe502750bf1" testListId="8c84fa94-04c1-424b-9868-57a2d4851a1d" />
    <TestEntry testId="72be9092-506f-4359-bbcc-dcb595b36553" executionId="6524c116-0525-44b0-bee4-853cbeef921b" testListId="8c84fa94-04c1-424b-9868-57a2d4851a1d" />
    <TestEntry testId="f50757ba-6597-461b-aa7e-9a53f24f91d4" executionId="d6d917cb-ba48-477f-a30c-40ff8c8c1a29" testListId="8c84fa94-04c1-424b-9868-57a2d4851a1d" />
    <TestEntry testId="886c267b-17f0-4e37-8b21-df979225a326" executionId="cb88d75a-9d70-44c6-9488-bce4f5f6dd91" testListId="8c84fa94-04c1-424b-9868-57a2d4851a1d" />
    <TestEntry testId="bed6701f-bced-494b-aa94-ec63fae46d60" executionId="16b50e64-8a80-4046-9073-94e09eebf090" testListId="8c84fa94-04c1-424b-9868-57a2d4851a1d" />
    <TestEntry testId="9f478ab7-342a-4b97-a2b8-611e7ca71656" executionId="84cd8d7d-1551-4de2-9c0a-f3d75047dd2b" testListId="8c84fa94-04c1-424b-9868-57a2d4851a1d" />
    <TestEntry testId="ce5d032a-955c-49c2-8ae9-c85fd549b4e9" executionId="b38a0a92-ea47-4078-a7e4-800469f1494a" testListId="8c84fa94-04c1-424b-9868-57a2d4851a1d" />
    <TestEntry testId="9337a74b-122f-4959-b187-b0ae21e3e44c" executionId="be157532-2975-4e08-ba18-7e9abbf6a78d" testListId="8c84fa94-04c1-424b-9868-57a2d4851a1d" />
    <TestEntry testId="67047021-bc20-4fc6-bae7-5fa236cbf60f" executionId="479bb78c-7743-4181-8c81-72cb322feaca" testListId="8c84fa94-04c1-424b-9868-57a2d4851a1d" />
    <TestEntry testId="1e57300a-1504-49ae-a9a3-8082e5c98f58" executionId="20616819-2f0a-49e5-84bd-993f1fb99277" testListId="8c84fa94-04c1-424b-9868-57a2d4851a1d" />
    <TestEntry testId="d140d907-ec18-4c93-a23e-508763be64ec" executionId="dcc8b501-3e89-489a-9697-6947e567f692" testListId="8c84fa94-04c1-424b-9868-57a2d4851a1d" />
    <TestEntry testId="e4a4d620-f34f-46fb-878b-470c11ab03d8" executionId="cc5a54ec-40e9-4bdf-ac63-ee86c94a78d9" testListId="8c84fa94-04c1-424b-9868-57a2d4851a1d" />
    <TestEntry testId="ae10eca9-7138-46e6-9a82-54930f4c2c6e" executionId="d9116f70-bc2b-446b-a688-e127dee8647b" testListId="8c84fa94-04c1-424b-9868-57a2d4851a1d" />
    <TestEntry testId="315b1d54-da5b-4894-a440-9d9e680cbb76" executionId="caea4acd-6828-429b-a39f-1e294d4a41da" testListId="8c84fa94-04c1-424b-9868-57a2d4851a1d" />
    <TestEntry testId="7eb2d65a-478e-4537-a19c-5f4303c8d372" executionId="88340071-cf0f-48ff-a683-f524551844b1" testListId="8c84fa94-04c1-424b-9868-57a2d4851a1d" />
    <TestEntry testId="629ebcbb-d289-43db-ac37-907e7dd10c69" executionId="09f80feb-05ac-4fdf-8f56-0b6feed6cda6" testListId="8c84fa94-04c1-424b-9868-57a2d4851a1d" />
    <TestEntry testId="a55ce4b5-58b0-44f3-b661-85c6fe46dd18" executionId="1552f6be-b7e5-43ad-86af-230b4c78c7d3" testListId="8c84fa94-04c1-424b-9868-57a2d4851a1d" />
    <TestEntry testId="b4d2e2e3-f7eb-42fc-b72f-f6336608e566" executionId="6b3a8a57-fd36-41ca-b9a3-5acf4e79fc61" testListId="8c84fa94-04c1-424b-9868-57a2d4851a1d" />
    <TestEntry testId="7df9f5d3-843e-496b-bfad-d09be7a0e785" executionId="c3a8c6e3-4b0b-48cc-a872-458b7e2f6f38" testListId="8c84fa94-04c1-424b-9868-57a2d4851a1d" />
    <TestEntry testId="c5aac9af-c503-44a4-814a-7547047ee662" executionId="105c17fb-c910-4e21-9e46-e3a827efdcef" testListId="8c84fa94-04c1-424b-9868-57a2d4851a1d" />
    <TestEntry testId="839e30a9-bb0d-41b3-b1bb-7f6f37845ae3" executionId="22ab347a-2ccb-4393-9220-c61305f1157b" testListId="8c84fa94-04c1-424b-9868-57a2d4851a1d" />
    <TestEntry testId="8091f9d3-abc6-4790-8f8d-aef4e6f751cf" executionId="b10564b1-b38f-400a-9761-b1b546b0d31d" testListId="8c84fa94-04c1-424b-9868-57a2d4851a1d" />
    <TestEntry testId="a7667892-3f80-4ab8-912b-483c7c0a992d" executionId="04442663-a49e-48ae-915a-e47817741359" testListId="8c84fa94-04c1-424b-9868-57a2d4851a1d" />
    <TestEntry testId="5a768979-1b26-4cdf-a95c-990c83e03870" executionId="e53dff50-9219-4319-b1ae-6b737507cd09" testListId="8c84fa94-04c1-424b-9868-57a2d4851a1d" />
    <TestEntry testId="1b747633-687c-497d-962f-d13d09b6e2b7" executionId="dfe7d120-4b8d-40d0-b574-5fe70957492f" testListId="8c84fa94-04c1-424b-9868-57a2d4851a1d" />
    <TestEntry testId="4771cdbc-81c9-41f6-865d-ebf1f2adb2ab" executionId="74a55604-4262-4c76-9315-cea17e6e0a27" testListId="8c84fa94-04c1-424b-9868-57a2d4851a1d" />
    <TestEntry testId="6738e53f-4e6b-43d1-b35d-28256e8d14f9" executionId="b8fe2b0b-c987-482c-b750-1d3739b55436" testListId="8c84fa94-04c1-424b-9868-57a2d4851a1d" />
    <TestEntry testId="7a218ffd-ace3-45cf-9a50-004ac4a15f19" executionId="339ff868-61b4-4770-b757-1e377b84a547" testListId="8c84fa94-04c1-424b-9868-57a2d4851a1d" />
    <TestEntry testId="da5ee9e6-8fce-4bf6-b5b8-d4d746971702" executionId="7a523d27-845f-4124-950c-b1a456226e28" testListId="8c84fa94-04c1-424b-9868-57a2d4851a1d" />
    <TestEntry testId="ab5c1b3c-051b-4d52-844c-f8a613ed5a32" executionId="e1e0f2f0-59a0-4192-8bda-feabe74861d0" testListId="8c84fa94-04c1-424b-9868-57a2d4851a1d" />
    <TestEntry testId="f7d13a86-2791-42d5-836a-f08e5e55480b" executionId="0b7f6112-62c5-4bea-be38-1986b0618cf3" testListId="8c84fa94-04c1-424b-9868-57a2d4851a1d" />
    <TestEntry testId="b56e03f6-2f60-4af0-a8d7-af7f39a8783a" executionId="645d2341-cbba-4e1a-930e-09915d4e970c" testListId="8c84fa94-04c1-424b-9868-57a2d4851a1d" />
    <TestEntry testId="7ad3157d-3b99-4572-afa3-0e7044713516" executionId="8646983f-a2e9-4288-9087-ecff5207a366" testListId="8c84fa94-04c1-424b-9868-57a2d4851a1d" />
    <TestEntry testId="2ac8a69b-4f24-4f7f-9077-1717a080b82f" executionId="fc2cd3d6-8a3e-4dbf-9733-e49916f0ff81" testListId="8c84fa94-04c1-424b-9868-57a2d4851a1d" />
    <TestEntry testId="cb3cadbe-6c8c-45fb-ad57-107030c708db" executionId="26d1c461-18ae-483b-8e6c-b01d5f414305" testListId="8c84fa94-04c1-424b-9868-57a2d4851a1d" />
    <TestEntry testId="7307b3e0-a372-4939-807f-8a73b057e2b4" executionId="4c9db17a-c938-4a83-930e-32d6a1eda6dc" testListId="8c84fa94-04c1-424b-9868-57a2d4851a1d" />
    <TestEntry testId="034b6643-225c-42af-91ec-3ae8cd7a9fb6" executionId="69ee922e-7d5c-47ef-bad6-23f2a74d5e8d" testListId="8c84fa94-04c1-424b-9868-57a2d4851a1d" />
    <TestEntry testId="222b1a84-47dc-46c8-876b-db91e1db5ac2" executionId="184c121d-aeb3-4a54-a786-50e03c0322ef" testListId="8c84fa94-04c1-424b-9868-57a2d4851a1d" />
    <TestEntry testId="6b7c9c6c-9fcf-42e4-a4ea-fcaa9e87b288" executionId="c039df81-726b-4716-b288-a68f8d549872" testListId="8c84fa94-04c1-424b-9868-57a2d4851a1d" />
    <TestEntry testId="51dc6fc6-1881-4e2b-9f32-b0e49345f56f" executionId="e1da438e-3927-4a63-96d8-af21d4f6e3a7" testListId="8c84fa94-04c1-424b-9868-57a2d4851a1d" />
    <TestEntry testId="c3be787e-7d7d-490e-a612-eab821c71ea3" executionId="478729a9-8f4b-47d5-a6d8-b51e743aa3cc" testListId="8c84fa94-04c1-424b-9868-57a2d4851a1d" />
    <TestEntry testId="f468bc3a-5bfa-4599-93b8-1843f77130d2" executionId="c2b6e79a-71d4-4060-9b7a-268b7eab14b0" testListId="8c84fa94-04c1-424b-9868-57a2d4851a1d" />
    <TestEntry testId="50db9133-f3a7-4367-a790-9e2aa5e6b64d" executionId="7f112b5d-05df-4232-b9b9-8b3052494ecc" testListId="8c84fa94-04c1-424b-9868-57a2d4851a1d" />
    <TestEntry testId="7222e661-56c6-43cd-8687-f2212c746e81" executionId="61e5320a-2ec2-4aad-bf8b-b2782ddb683b" testListId="8c84fa94-04c1-424b-9868-57a2d4851a1d" />
    <TestEntry testId="0bf6e7cf-e027-4e96-8ba1-c499e51d8ef2" executionId="b34d3fd2-6466-4ad6-8db0-1cf759c457e1" testListId="8c84fa94-04c1-424b-9868-57a2d4851a1d" />
    <TestEntry testId="a71fa4eb-5bde-46c6-b6db-53dea6c3e9ce" executionId="f45bc50e-6a3f-46f4-8634-76ae2d58e16c" testListId="8c84fa94-04c1-424b-9868-57a2d4851a1d" />
    <TestEntry testId="ce393c28-8d16-4301-b383-fd42a8d2eb88" executionId="81ecad84-f439-409c-84f9-abd3dc54531f" testListId="8c84fa94-04c1-424b-9868-57a2d4851a1d" />
  </TestEntries>
  <TestLists>
    <TestList name="Results Not in a List" id="8c84fa94-04c1-424b-9868-57a2d4851a1d" />
    <TestList name="All Loaded Results" id="19431567-8539-422a-85d7-44ee4e166bda" />
  </TestLists>
  <ResultSummary outcome="Completed">
    <Counters total="185" executed="185" passed="185" failed="0" error="0" timeout="0" aborted="0" inconclusive="0" passedButRunAborted="0" notRunnable="0" notExecuted="0" disconnected="0" warning="0" completed="0" inProgress="0" pending="0" />
  </ResultSummary>
</TestRun>